2018-08-04 01:27:23.565  INFO 1568 --- [http-nio-8000-exec-8] c.e.e.a.S.c.CustomerRestController       : Fetching customers from database ES [CustomerES [id=AWUAO0-eGTMDYlaTb5l6, firstName=Aritra, lastName=Nag, title=Mr, location=TTTT, country=India, phonenumber=333333, middleName=ddd], CustomerES [id=AWUAQCypGTMDYlaTb5l8, firstName=lmhjh, lastName=jkljkljkl, title=Mr, location=TTTT, country=India, phonenumber=333333, middleName=ddd], CustomerES [id=AWUAQEydGTMDYlaTb5l9, firstName=nm,nm,nm,n, lastName=nm,nm,n,mn,mnm,, title=Mr, location=TTTT, country=India, phonenumber=333333, middleName=ddd], CustomerES [id=AWUAQIZDGTMDYlaTb5l-, firstName=llllll, lastName=lllllllljkjkjkjk, title=Mr, location=TTTT, country=India, phonenumber=333333, middleName=ddd]]
2018-08-04 01:27:36.806  INFO 1568 --- [http-nio-8000-exec-7] c.e.e.a.S.c.CustomerRestController       : Fetching customers from database ES [CustomerES [id=AWUAO0-eGTMDYlaTb5l6, firstName=Aritra, lastName=Nag, title=Mr, location=TTTT, country=India, phonenumber=333333, middleName=ddd], CustomerES [id=AWUAQCypGTMDYlaTb5l8, firstName=lmhjh, lastName=jkljkljkl, title=Mr, location=TTTT, country=India, phonenumber=333333, middleName=ddd], CustomerES [id=AWUAQEydGTMDYlaTb5l9, firstName=nm,nm,nm,n, lastName=nm,nm,n,mn,mnm,, title=Mr, location=TTTT, country=India, phonenumber=333333, middleName=ddd], CustomerES [id=AWUAQIZDGTMDYlaTb5l-, firstName=llllll, lastName=lllllllljkjkjkjk, title=Mr, location=TTTT, country=India, phonenumber=333333, middleName=ddd]]
2018-08-04 09:29:37.648  INFO 1568 --- [Thread-8] ConfigServletWebServerApplicationContext : Closing org.springframework.boot.web.servlet.context.AnnotationConfigServletWebServerApplicationContext@794af9d2: startup date [Fri Aug 03 20:25:22 IST 2018]; root of context hierarchy
2018-08-04 09:29:37.731  INFO 1568 --- [Thread-8] o.s.j.e.a.AnnotationMBeanExporter        : Unregistering JMX-exposed beans on shutdown
2018-08-04 09:29:39.055  INFO 1568 --- [restartedMain] c.e.e.a.S.SpringBootMongoEsApplication   : Starting SpringBootMongoEsApplication on USHYDARITNAG2 with PID 1568 (C:\Users\aritnag\Downloads\Spring-boot-mongo-ES\Spring-boot-mongo-ES\target\classes started by aritnag in C:\Users\aritnag\Downloads\Spring-boot-mongo-ES\Spring-boot-mongo-ES)
2018-08-04 09:29:39.057  INFO 1568 --- [restartedMain] c.e.e.a.S.SpringBootMongoEsApplication   : No active profile set, falling back to default profiles: default
2018-08-04 09:29:39.070  INFO 1568 --- [restartedMain] ConfigServletWebServerApplicationContext : Refreshing org.springframework.boot.web.servlet.context.AnnotationConfigServletWebServerApplicationContext@1c85484b: startup date [Sat Aug 04 09:29:39 IST 2018]; root of context hierarchy
2018-08-04 09:30:12.453  INFO 14848 --- [restartedMain] c.e.e.a.S.SpringBootMongoEsApplication   : Starting SpringBootMongoEsApplication on USHYDARITNAG2 with PID 14848 (C:\Users\aritnag\Downloads\Spring-boot-mongo-ES\Spring-boot-mongo-ES\target\classes started by aritnag in C:\Users\aritnag\Downloads\Spring-boot-mongo-ES\Spring-boot-mongo-ES)
2018-08-04 09:30:12.455  INFO 14848 --- [restartedMain] c.e.e.a.S.SpringBootMongoEsApplication   : No active profile set, falling back to default profiles: default
2018-08-04 09:30:12.602  INFO 14848 --- [restartedMain] ConfigServletWebServerApplicationContext : Refreshing org.springframework.boot.web.servlet.context.AnnotationConfigServletWebServerApplicationContext@6df7387c: startup date [Sat Aug 04 09:30:12 IST 2018]; root of context hierarchy
2018-08-04 09:30:15.942  INFO 14848 --- [restartedMain] .s.d.r.c.RepositoryConfigurationDelegate : Multiple Spring Data modules found, entering strict repository configuration mode!
2018-08-04 09:30:16.019  INFO 14848 --- [restartedMain] .RepositoryConfigurationExtensionSupport : Spring Data MongoDB - Could not safely identify store assignment for repository candidate interface com.example.elasticsearch.aws.SpringbootmongoES.repository.CustomerESRepository.
2018-08-04 09:30:16.717  INFO 14848 --- [restartedMain] .s.d.r.c.RepositoryConfigurationDelegate : Multiple Spring Data modules found, entering strict repository configuration mode!
2018-08-04 09:30:16.727  INFO 14848 --- [restartedMain] .RepositoryConfigurationExtensionSupport : Spring Data Elasticsearch - Could not safely identify store assignment for repository candidate interface com.example.elasticsearch.aws.SpringbootmongoES.repository.CustomerRepository.
2018-08-04 09:30:17.446  INFO 14848 --- [restartedMain] trationDelegate$BeanPostProcessorChecker : Bean '(inner bean)#22f446f2' of type [com.amazonaws.auth.EC2ContainerCredentialsProviderWrapper] is not eligible for getting processed by all BeanPostProcessors (for example: not eligible for auto-proxying)
2018-08-04 09:30:17.464  INFO 14848 --- [restartedMain] trationDelegate$BeanPostProcessorChecker : Bean '(inner bean)#3ca496b3' of type [com.amazonaws.auth.profile.ProfileCredentialsProvider] is not eligible for getting processed by all BeanPostProcessors (for example: not eligible for auto-proxying)
2018-08-04 09:30:17.485  INFO 14848 --- [restartedMain] trationDelegate$BeanPostProcessorChecker : Bean 'credentialsProvider' of type [org.springframework.cloud.aws.core.credentials.CredentialsProviderFactoryBean] is not eligible for getting processed by all BeanPostProcessors (for example: not eligible for auto-proxying)
2018-08-04 09:30:17.486  INFO 14848 --- [restartedMain] trationDelegate$BeanPostProcessorChecker : Bean 'credentialsProvider' of type [com.amazonaws.auth.AWSCredentialsProviderChain] is not eligible for getting processed by all BeanPostProcessors (for example: not eligible for auto-proxying)
2018-08-04 09:30:18.621  INFO 14848 --- [restartedMain] o.s.b.w.embedded.tomcat.TomcatWebServer  : Tomcat initialized with port(s): 8000 (http)
2018-08-04 09:30:18.661  INFO 14848 --- [restartedMain] o.apache.catalina.core.StandardService   : Starting service [Tomcat]
2018-08-04 09:30:18.662  INFO 14848 --- [restartedMain] org.apache.catalina.core.StandardEngine  : Starting Servlet Engine: Apache Tomcat/8.5.32
2018-08-04 09:30:18.678  INFO 14848 --- [localhost-startStop-1] o.a.catalina.core.AprLifecycleListener   : The APR based Apache Tomcat Native library which allows optimal performance in production environments was not found on the java.library.path: [C:\Program Files\Java\jdk1.8.0_112\bin;C:\WINDOWS\Sun\Java\bin;C:\WINDOWS\system32;C:\WINDOWS;C:\Program Files\Java\jdk1.8.0_112\jre\bin;C:/Program Files/Java/jdk1.8.0_112/bin/../jre/bin/server;C:/Program Files/Java/jdk1.8.0_112/bin/../jre/bin;C:/Program Files/Java/jdk1.8.0_112/bin/../jre/lib/amd64;C:\WINDOWS\system32;C:\WINDOWS;C:\WINDOWS\System32\Wbem;C:\Program Files\Docker\Docker\Resources\bin;C:\WINDOWS\system32;C:\WINDOWS;C:\WINDOWS\System32\Wbem;C:\Program Files (x86)\RSA SecurID Token Common;C:\Program Files\RSA SecurID Token Common;C:\Program Files\Java\jdk1.8.0_112\bin;C:\Program Files (x86)\Intel\iCLS Client\;C:\Program Files\Intel\iCLS Client\;C:\WINDOWS\system32;C:\WINDOWS;C:\WINDOWS\System32\Wbem;C:\WINDOWS\System32\WindowsPowerShell\v1.0\;C:\Program Files (x86)\Intel\Intel(R) Management Engine Components\DAL;C:\Program Files\Intel\Intel(R) Management Engine Components\DAL;C:\Program Files (x86)\Intel\Intel(R) Management Engine Components\IPT;C:\Program Files\Intel\Intel(R) Management Engine Components\IPT;C:\Users\aritnag\AppData\Local\Microsoft\WindowsApps;C:\Program Files\Perforce;C:\Program Files\Perforce\DVCS\;;C:\Program Files\Microsoft VS Code\bin;C:\Program Files\RSA SecurID Token Common\;C:\Users\aritnag\AppData\Local\GitHubDesktop\bin;C:\Users\aritnag\Downloads\apache-maven-3.5.4-bin\apache-maven-3.5.4\\bin;C:\Users\aritnag\AppData\Lo;C:\ProgramData\chocolatey\bin;C:\Program Files\nodejs\;C:\Program Files\RSA SecurID Token Common\;C:\Users\aritnag\AppData\Local\GitHubDesktop\bin;C:\Users\aritnag\Downloads\apache-maven-3.5.4-bin\apache-maven-3.5.4\\bin;C:\Program Files\Java\jdk1.8.0_112\bin;;C:\Users\aritnag\AppData\Local\Programs\Fiddler;C:\Users\aritnag\AppData\Roaming\npm;C:\Users\aritnag\Desktop\Softwares\bundle\spring-tool-suite-3.8.2.RELEASE-e4.6.1-win32-x86_64\sts-bundle\sts-3.8.2.RELEASE;;.]
2018-08-04 09:30:19.122  INFO 14848 --- [localhost-startStop-1] o.a.c.c.C.[Tomcat].[localhost].[/]       : Initializing Spring embedded WebApplicationContext
2018-08-04 09:30:19.123  INFO 14848 --- [localhost-startStop-1] o.s.web.context.ContextLoader            : Root WebApplicationContext: initialization completed in 6521 ms
2018-08-04 09:30:21.132  INFO 14848 --- [localhost-startStop-1] org.mongodb.driver.cluster               : Cluster created with settings {hosts=[34.205.68.203:27017], mode=SINGLE, requiredClusterType=UNKNOWN, serverSelectionTimeout='30000 ms', maxWaitQueueSize=500}
2018-08-04 09:30:21.936  INFO 14848 --- [localhost-startStop-1] io.searchbox.client.AbstractJestClient   : Setting server pool to a list of 1 servers: [https://search-microservice-cluster-zzfctkiahe5vfwhcv2sopp4dau.us-east-1.es.amazonaws.com/]
2018-08-04 09:30:21.939  INFO 14848 --- [localhost-startStop-1] io.searchbox.client.JestClientFactory    : Using multi thread/connection supporting pooling connection manager
2018-08-04 09:30:22.225  INFO 14848 --- [localhost-startStop-1] io.searchbox.client.JestClientFactory    : Using default GSON instance
2018-08-04 09:30:22.225  INFO 14848 --- [localhost-startStop-1] io.searchbox.client.JestClientFactory    : Node Discovery disabled...
2018-08-04 09:30:22.226  INFO 14848 --- [localhost-startStop-1] io.searchbox.client.JestClientFactory    : Idle connection reaping disabled...
2018-08-04 09:30:23.476  INFO 14848 --- [localhost-startStop-1] o.s.b.w.servlet.FilterRegistrationBean   : Mapping filter: 'characterEncodingFilter' to: [/*]
2018-08-04 09:30:23.478  INFO 14848 --- [localhost-startStop-1] o.s.b.w.servlet.FilterRegistrationBean   : Mapping filter: 'webMvcMetricsFilter' to: [/*]
2018-08-04 09:30:23.479  INFO 14848 --- [localhost-startStop-1] o.s.b.w.servlet.FilterRegistrationBean   : Mapping filter: 'hiddenHttpMethodFilter' to: [/*]
2018-08-04 09:30:23.480  INFO 14848 --- [localhost-startStop-1] o.s.b.w.servlet.FilterRegistrationBean   : Mapping filter: 'httpPutFormContentFilter' to: [/*]
2018-08-04 09:30:23.480  INFO 14848 --- [localhost-startStop-1] o.s.b.w.servlet.FilterRegistrationBean   : Mapping filter: 'requestContextFilter' to: [/*]
2018-08-04 09:30:23.481  INFO 14848 --- [localhost-startStop-1] o.s.b.w.servlet.FilterRegistrationBean   : Mapping filter: 'httpTraceFilter' to: [/*]
2018-08-04 09:30:23.481  INFO 14848 --- [localhost-startStop-1] o.s.b.w.servlet.ServletRegistrationBean  : Servlet dispatcherServlet mapped to [/]
2018-08-04 09:30:26.892  INFO 14848 --- [restartedMain] o.s.w.s.handler.SimpleUrlHandlerMapping  : Mapped URL path [/**/favicon.ico] onto handler of type [class org.springframework.web.servlet.resource.ResourceHttpRequestHandler]
2018-08-04 09:30:27.669  INFO 14848 --- [restartedMain] s.w.s.m.m.a.RequestMappingHandlerAdapter : Looking for @ControllerAdvice: org.springframework.boot.web.servlet.context.AnnotationConfigServletWebServerApplicationContext@6df7387c: startup date [Sat Aug 04 09:30:12 IST 2018]; root of context hierarchy
2018-08-04 09:30:27.996  INFO 14848 --- [restartedMain] s.w.s.m.m.a.RequestMappingHandlerMapping : Mapped "{[/customer/],methods=[POST]}" onto public void com.example.elasticsearch.aws.SpringbootmongoES.controller.CustomerRestController.save(com.example.elasticsearch.aws.SpringbootmongoES.model.Customer)
2018-08-04 09:30:28.000  INFO 14848 --- [restartedMain] s.w.s.m.m.a.RequestMappingHandlerMapping : Mapped "{[/es/customer/],methods=[POST]}" onto public void com.example.elasticsearch.aws.SpringbootmongoES.controller.CustomerRestController.save(com.example.elasticsearch.aws.SpringbootmongoES.model.CustomerES)
2018-08-04 09:30:28.001  INFO 14848 --- [restartedMain] s.w.s.m.m.a.RequestMappingHandlerMapping : Mapped "{[/customer/last/{lastName}]}" onto public java.util.List<com.example.elasticsearch.aws.SpringbootmongoES.model.Customer> com.example.elasticsearch.aws.SpringbootmongoES.controller.CustomerRestController.findByLastName(java.lang.String)
2018-08-04 09:30:28.002  INFO 14848 --- [restartedMain] s.w.s.m.m.a.RequestMappingHandlerMapping : Mapped "{[/es/customer/cn/{country}]}" onto public java.util.List<com.example.elasticsearch.aws.SpringbootmongoES.model.CustomerES> com.example.elasticsearch.aws.SpringbootmongoES.controller.CustomerRestController.findByCountryES(java.lang.String)
2018-08-04 09:30:28.004  INFO 14848 --- [restartedMain] s.w.s.m.m.a.RequestMappingHandlerMapping : Mapped "{[/customer/first/{firstName}]}" onto public com.example.elasticsearch.aws.SpringbootmongoES.model.Customer com.example.elasticsearch.aws.SpringbootmongoES.controller.CustomerRestController.findByFirstName(java.lang.String)
2018-08-04 09:30:28.005  INFO 14848 --- [restartedMain] s.w.s.m.m.a.RequestMappingHandlerMapping : Mapped "{[/es/customer/last/{lastName}]}" onto public java.util.List<com.example.elasticsearch.aws.SpringbootmongoES.model.CustomerES> com.example.elasticsearch.aws.SpringbootmongoES.controller.CustomerRestController.findByLastNameES(java.lang.String)
2018-08-04 09:30:28.005  INFO 14848 --- [restartedMain] s.w.s.m.m.a.RequestMappingHandlerMapping : Mapped "{[/customer/cn/{country}]}" onto public java.util.List<com.example.elasticsearch.aws.SpringbootmongoES.model.Customer> com.example.elasticsearch.aws.SpringbootmongoES.controller.CustomerRestController.findByCountry(java.lang.String)
2018-08-04 09:30:28.005  INFO 14848 --- [restartedMain] s.w.s.m.m.a.RequestMappingHandlerMapping : Mapped "{[/es/sync/],methods=[GET]}" onto public void com.example.elasticsearch.aws.SpringbootmongoES.controller.CustomerRestController.syncMongoAndES()
2018-08-04 09:30:28.008  INFO 14848 --- [restartedMain] s.w.s.m.m.a.RequestMappingHandlerMapping : Mapped "{[/es/customer/]}" onto public java.util.List<com.example.elasticsearch.aws.SpringbootmongoES.model.CustomerES> com.example.elasticsearch.aws.SpringbootmongoES.controller.CustomerRestController.findESAll()
2018-08-04 09:30:28.009  INFO 14848 --- [restartedMain] s.w.s.m.m.a.RequestMappingHandlerMapping : Mapped "{[/es/customer/first/{firstName}]}" onto public com.example.elasticsearch.aws.SpringbootmongoES.model.CustomerES com.example.elasticsearch.aws.SpringbootmongoES.controller.CustomerRestController.findByFirstNameES(java.lang.String)
2018-08-04 09:30:28.010  INFO 14848 --- [restartedMain] s.w.s.m.m.a.RequestMappingHandlerMapping : Mapped "{[/customer/]}" onto public java.util.List<com.example.elasticsearch.aws.SpringbootmongoES.model.Customer> com.example.elasticsearch.aws.SpringbootmongoES.controller.CustomerRestController.findAll()
2018-08-04 09:30:28.016  INFO 14848 --- [restartedMain] s.w.s.m.m.a.RequestMappingHandlerMapping : Mapped "{[/error]}" onto public org.springframework.http.ResponseEntity<java.util.Map<java.lang.String, java.lang.Object>> org.springframework.boot.autoconfigure.web.servlet.error.BasicErrorController.error(javax.servlet.http.HttpServletRequest)
2018-08-04 09:30:28.018  INFO 14848 --- [restartedMain] s.w.s.m.m.a.RequestMappingHandlerMapping : Mapped "{[/error],produces=[text/html]}" onto public org.springframework.web.servlet.ModelAndView org.springframework.boot.autoconfigure.web.servlet.error.BasicErrorController.errorHtml(javax.servlet.http.HttpServletRequest,javax.servlet.http.HttpServletResponse)
2018-08-04 09:30:28.089  INFO 14848 --- [restartedMain] o.s.w.s.handler.SimpleUrlHandlerMapping  : Mapped URL path [/webjars/**] onto handler of type [class org.springframework.web.servlet.resource.ResourceHttpRequestHandler]
2018-08-04 09:30:28.090  INFO 14848 --- [restartedMain] o.s.w.s.handler.SimpleUrlHandlerMapping  : Mapped URL path [/**] onto handler of type [class org.springframework.web.servlet.resource.ResourceHttpRequestHandler]
2018-08-04 09:30:29.686  INFO 14848 --- [restartedMain] o.s.b.d.a.OptionalLiveReloadServer       : LiveReload server is running on port 35729
2018-08-04 09:30:30.342  INFO 14848 --- [restartedMain] o.s.b.a.e.web.EndpointLinksResolver      : Exposing 2 endpoint(s) beneath base path '/actuator'
2018-08-04 09:30:30.377  INFO 14848 --- [restartedMain] s.b.a.e.w.s.WebMvcEndpointHandlerMapping : Mapped "{[/actuator/health],methods=[GET],produces=[application/vnd.spring-boot.actuator.v2+json || application/json]}" onto public java.lang.Object org.springframework.boot.actuate.endpoint.web.servlet.AbstractWebMvcEndpointHandlerMapping$OperationHandler.handle(javax.servlet.http.HttpServletRequest,java.util.Map<java.lang.String, java.lang.String>)
2018-08-04 09:30:30.378  INFO 14848 --- [restartedMain] s.b.a.e.w.s.WebMvcEndpointHandlerMapping : Mapped "{[/actuator/info],methods=[GET],produces=[application/vnd.spring-boot.actuator.v2+json || application/json]}" onto public java.lang.Object org.springframework.boot.actuate.endpoint.web.servlet.AbstractWebMvcEndpointHandlerMapping$OperationHandler.handle(javax.servlet.http.HttpServletRequest,java.util.Map<java.lang.String, java.lang.String>)
2018-08-04 09:30:30.380  INFO 14848 --- [restartedMain] s.b.a.e.w.s.WebMvcEndpointHandlerMapping : Mapped "{[/actuator],methods=[GET],produces=[application/vnd.spring-boot.actuator.v2+json || application/json]}" onto protected java.util.Map<java.lang.String, java.util.Map<java.lang.String, org.springframework.boot.actuate.endpoint.web.Link>> org.springframework.boot.actuate.endpoint.web.servlet.WebMvcEndpointHandlerMapping.links(javax.servlet.http.HttpServletRequest,javax.servlet.http.HttpServletResponse)
2018-08-04 09:30:30.675  INFO 14848 --- [restartedMain] o.s.j.e.a.AnnotationMBeanExporter        : Registering beans for JMX exposure on startup
2018-08-04 09:30:30.798  INFO 14848 --- [restartedMain] o.s.b.w.embedded.tomcat.TomcatWebServer  : Tomcat started on port(s): 8000 (http) with context path ''
2018-08-04 09:30:30.807  INFO 14848 --- [restartedMain] c.e.e.a.S.SpringBootMongoEsApplication   : Started SpringBootMongoEsApplication in 19.17 seconds (JVM running for 21.251)
2018-08-04 09:30:41.222  INFO 14848 --- [cluster-ClusterId{value='5b6524d500e4693a00e77da6', description='null'}-34.205.68.203:27017] org.mongodb.driver.cluster               : Exception in monitor thread while connecting to server 34.205.68.203:27017

com.mongodb.MongoSocketOpenException: Exception opening socket
	at com.mongodb.connection.SocketStream.open(SocketStream.java:62) ~[mongodb-driver-core-3.6.4.jar:na]
	at com.mongodb.connection.InternalStreamConnection.open(InternalStreamConnection.java:126) ~[mongodb-driver-core-3.6.4.jar:na]
	at com.mongodb.connection.DefaultServerMonitor$ServerMonitorRunnable.run(DefaultServerMonitor.java:114) ~[mongodb-driver-core-3.6.4.jar:na]
	at java.lang.Thread.run(Thread.java:745) [na:1.8.0_112]
Caused by: java.net.SocketTimeoutException: connect timed out
	at java.net.DualStackPlainSocketImpl.waitForConnect(Native Method) ~[na:1.8.0_112]
	at java.net.DualStackPlainSocketImpl.socketConnect(DualStackPlainSocketImpl.java:85) ~[na:1.8.0_112]
	at java.net.AbstractPlainSocketImpl.doConnect(AbstractPlainSocketImpl.java:350) ~[na:1.8.0_112]
	at java.net.AbstractPlainSocketImpl.connectToAddress(AbstractPlainSocketImpl.java:206) ~[na:1.8.0_112]
	at java.net.AbstractPlainSocketImpl.connect(AbstractPlainSocketImpl.java:188) ~[na:1.8.0_112]
	at java.net.PlainSocketImpl.connect(PlainSocketImpl.java:172) ~[na:1.8.0_112]
	at java.net.SocksSocketImpl.connect(SocksSocketImpl.java:392) ~[na:1.8.0_112]
	at java.net.Socket.connect(Socket.java:589) ~[na:1.8.0_112]
	at com.mongodb.connection.SocketStreamHelper.initialize(SocketStreamHelper.java:59) ~[mongodb-driver-core-3.6.4.jar:na]
	at com.mongodb.connection.SocketStream.open(SocketStream.java:57) ~[mongodb-driver-core-3.6.4.jar:na]
	... 3 common frames omitted

