2018-08-07 10:45:18.119  INFO 16984 --- [restartedMain] c.e.e.a.S.SpringBootMongoEsApplication   : Starting SpringBootMongoEsApplication on USHYDARITNAG2 with PID 16984 (C:\Users\aritnag\Downloads\Spring-boot-mongo-ES\Spring-boot-mongo-ES\target\classes started by aritnag in C:\Users\aritnag\Downloads\Spring-boot-mongo-ES\Spring-boot-mongo-ES)
2018-08-07 10:45:18.134  INFO 16984 --- [restartedMain] c.e.e.a.S.SpringBootMongoEsApplication   : No active profile set, falling back to default profiles: default
2018-08-07 10:45:18.322  INFO 16984 --- [restartedMain] ConfigServletWebServerApplicationContext : Refreshing org.springframework.boot.web.servlet.context.AnnotationConfigServletWebServerApplicationContext@2d35f337: startup date [Tue Aug 07 10:45:18 IST 2018]; root of context hierarchy
2018-08-07 10:45:22.214  INFO 16984 --- [restartedMain] .s.d.r.c.RepositoryConfigurationDelegate : Multiple Spring Data modules found, entering strict repository configuration mode!
2018-08-07 10:45:22.288  INFO 16984 --- [restartedMain] .RepositoryConfigurationExtensionSupport : Spring Data MongoDB - Could not safely identify store assignment for repository candidate interface com.example.elasticsearch.aws.SpringbootmongoES.repository.CustomerESRepository.
2018-08-07 10:45:23.099  INFO 16984 --- [restartedMain] .s.d.r.c.RepositoryConfigurationDelegate : Multiple Spring Data modules found, entering strict repository configuration mode!
2018-08-07 10:45:23.114  INFO 16984 --- [restartedMain] .RepositoryConfigurationExtensionSupport : Spring Data Elasticsearch - Could not safely identify store assignment for repository candidate interface com.example.elasticsearch.aws.SpringbootmongoES.repository.CustomerRepository.
2018-08-07 10:45:23.975  INFO 16984 --- [restartedMain] trationDelegate$BeanPostProcessorChecker : Bean '(inner bean)#3aa3409' of type [com.amazonaws.auth.EC2ContainerCredentialsProviderWrapper] is not eligible for getting processed by all BeanPostProcessors (for example: not eligible for auto-proxying)
2018-08-07 10:45:23.989  INFO 16984 --- [restartedMain] trationDelegate$BeanPostProcessorChecker : Bean '(inner bean)#53f9ca1e' of type [com.amazonaws.auth.profile.ProfileCredentialsProvider] is not eligible for getting processed by all BeanPostProcessors (for example: not eligible for auto-proxying)
2018-08-07 10:45:24.003  INFO 16984 --- [restartedMain] trationDelegate$BeanPostProcessorChecker : Bean 'credentialsProvider' of type [org.springframework.cloud.aws.core.credentials.CredentialsProviderFactoryBean] is not eligible for getting processed by all BeanPostProcessors (for example: not eligible for auto-proxying)
2018-08-07 10:45:24.004  INFO 16984 --- [restartedMain] trationDelegate$BeanPostProcessorChecker : Bean 'credentialsProvider' of type [com.amazonaws.auth.AWSCredentialsProviderChain] is not eligible for getting processed by all BeanPostProcessors (for example: not eligible for auto-proxying)
2018-08-07 10:45:25.544  INFO 16984 --- [restartedMain] o.s.b.w.embedded.tomcat.TomcatWebServer  : Tomcat initialized with port(s): 8000 (http)
2018-08-07 10:45:25.590  INFO 16984 --- [restartedMain] o.apache.catalina.core.StandardService   : Starting service [Tomcat]
2018-08-07 10:45:25.591  INFO 16984 --- [restartedMain] org.apache.catalina.core.StandardEngine  : Starting Servlet Engine: Apache Tomcat/8.5.32
2018-08-07 10:45:25.608  INFO 16984 --- [localhost-startStop-1] o.a.catalina.core.AprLifecycleListener   : The APR based Apache Tomcat Native library which allows optimal performance in production environments was not found on the java.library.path: [C:\Program Files\Java\jdk1.8.0_112\bin;C:\WINDOWS\Sun\Java\bin;C:\WINDOWS\system32;C:\WINDOWS;C:/Program Files/Java/jdk1.8.0_112/bin/../jre/bin/server;C:/Program Files/Java/jdk1.8.0_112/bin/../jre/bin;C:/Program Files/Java/jdk1.8.0_112/bin/../jre/lib/amd64;C:\WINDOWS\system32;C:\WINDOWS;C:\WINDOWS\System32\Wbem;C:\Program Files\Docker\Docker\Resources\bin;C:\WINDOWS\system32;C:\WINDOWS;C:\WINDOWS\System32\Wbem;C:\Program Files (x86)\RSA SecurID Token Common;C:\Program Files\RSA SecurID Token Common;C:\Program Files\Java\jdk1.8.0_112\bin;C:\Program Files (x86)\Intel\iCLS Client\;C:\Program Files\Intel\iCLS Client\;C:\WINDOWS\system32;C:\WINDOWS;C:\WINDOWS\System32\Wbem;C:\WINDOWS\System32\WindowsPowerShell\v1.0\;C:\Program Files (x86)\Intel\Intel(R) Management Engine Components\DAL;C:\Program Files\Intel\Intel(R) Management Engine Components\DAL;C:\Program Files (x86)\Intel\Intel(R) Management Engine Components\IPT;C:\Program Files\Intel\Intel(R) Management Engine Components\IPT;C:\Users\aritnag\AppData\Local\Microsoft\WindowsApps;C:\Program Files\Perforce;C:\Program Files\Perforce\DVCS\;;C:\Program Files\Microsoft VS Code\bin;C:\Program Files\RSA SecurID Token Common\;C:\Users\aritnag\AppData\Local\GitHubDesktop\bin;C:\Users\aritnag\Downloads\apache-maven-3.5.4-bin\apache-maven-3.5.4\\bin;C:\Users\aritnag\AppData\Lo;C:\ProgramData\chocolatey\bin;C:\Program Files\nodejs\;C:\Program Files\RSA SecurID Token Common\;C:\Users\aritnag\AppData\Local\GitHubDesktop\bin;C:\Users\aritnag\Downloads\apache-maven-3.5.4-bin\apache-maven-3.5.4\\bin;C:\Program Files\Java\jdk1.8.0_112\bin;;C:\Users\aritnag\AppData\Local\Programs\Fiddler;C:\Users\aritnag\AppData\Roaming\npm;C:\Users\aritnag\Desktop\Softwares\bundle\spring-tool-suite-3.8.2.RELEASE-e4.6.1-win32-x86_64\sts-bundle\sts-3.8.2.RELEASE;;.]
2018-08-07 10:45:26.109  INFO 16984 --- [localhost-startStop-1] o.a.c.c.C.[Tomcat].[localhost].[/]       : Initializing Spring embedded WebApplicationContext
2018-08-07 10:45:26.109  INFO 16984 --- [localhost-startStop-1] o.s.web.context.ContextLoader            : Root WebApplicationContext: initialization completed in 7787 ms
2018-08-07 10:45:28.204  INFO 16984 --- [localhost-startStop-1] org.mongodb.driver.cluster               : Cluster created with settings {hosts=[54.152.114.46:27017], mode=SINGLE, requiredClusterType=UNKNOWN, serverSelectionTimeout='30000 ms', maxWaitQueueSize=500}
2018-08-07 10:45:29.070  INFO 16984 --- [localhost-startStop-1] io.searchbox.client.AbstractJestClient   : Setting server pool to a list of 1 servers: [https://search-microservice-cluster-zzfctkiahe5vfwhcv2sopp4dau.us-east-1.es.amazonaws.com/]
2018-08-07 10:45:29.074  INFO 16984 --- [localhost-startStop-1] io.searchbox.client.JestClientFactory    : Using multi thread/connection supporting pooling connection manager
2018-08-07 10:45:29.392  INFO 16984 --- [localhost-startStop-1] io.searchbox.client.JestClientFactory    : Using default GSON instance
2018-08-07 10:45:29.393  INFO 16984 --- [localhost-startStop-1] io.searchbox.client.JestClientFactory    : Node Discovery disabled...
2018-08-07 10:45:29.394  INFO 16984 --- [localhost-startStop-1] io.searchbox.client.JestClientFactory    : Idle connection reaping disabled...
2018-08-07 10:45:29.415  INFO 16984 --- [cluster-ClusterId{value='5b692af0920ba842580e6103', description='null'}-54.152.114.46:27017] org.mongodb.driver.connection            : Opened connection [connectionId{localValue:1, serverValue:1}] to 54.152.114.46:27017
2018-08-07 10:45:29.695  INFO 16984 --- [cluster-ClusterId{value='5b692af0920ba842580e6103', description='null'}-54.152.114.46:27017] org.mongodb.driver.cluster               : Monitor thread successfully connected to server with description ServerDescription{address=54.152.114.46:27017, type=STANDALONE, state=CONNECTED, ok=true, version=ServerVersion{versionList=[3, 2, 4]}, minWireVersion=0, maxWireVersion=4, maxDocumentSize=16777216, logicalSessionTimeoutMinutes=null, roundTripTimeNanos=275894449}
2018-08-07 10:45:30.783  INFO 16984 --- [localhost-startStop-1] o.s.b.w.servlet.FilterRegistrationBean   : Mapping filter: 'characterEncodingFilter' to: [/*]
2018-08-07 10:45:30.784  INFO 16984 --- [localhost-startStop-1] o.s.b.w.servlet.FilterRegistrationBean   : Mapping filter: 'webMvcMetricsFilter' to: [/*]
2018-08-07 10:45:30.785  INFO 16984 --- [localhost-startStop-1] o.s.b.w.servlet.FilterRegistrationBean   : Mapping filter: 'hiddenHttpMethodFilter' to: [/*]
2018-08-07 10:45:30.786  INFO 16984 --- [localhost-startStop-1] o.s.b.w.servlet.FilterRegistrationBean   : Mapping filter: 'httpPutFormContentFilter' to: [/*]
2018-08-07 10:45:30.786  INFO 16984 --- [localhost-startStop-1] o.s.b.w.servlet.FilterRegistrationBean   : Mapping filter: 'requestContextFilter' to: [/*]
2018-08-07 10:45:30.787  INFO 16984 --- [localhost-startStop-1] o.s.b.w.servlet.FilterRegistrationBean   : Mapping filter: 'httpTraceFilter' to: [/*]
2018-08-07 10:45:30.787  INFO 16984 --- [localhost-startStop-1] o.s.b.w.servlet.ServletRegistrationBean  : Servlet dispatcherServlet mapped to [/]
2018-08-07 10:45:34.736  INFO 16984 --- [restartedMain] o.s.w.s.handler.SimpleUrlHandlerMapping  : Mapped URL path [/**/favicon.ico] onto handler of type [class org.springframework.web.servlet.resource.ResourceHttpRequestHandler]
2018-08-07 10:45:35.304  INFO 16984 --- [restartedMain] s.w.s.m.m.a.RequestMappingHandlerAdapter : Looking for @ControllerAdvice: org.springframework.boot.web.servlet.context.AnnotationConfigServletWebServerApplicationContext@2d35f337: startup date [Tue Aug 07 10:45:18 IST 2018]; root of context hierarchy
2018-08-07 10:45:35.502  INFO 16984 --- [restartedMain] s.w.s.m.m.a.RequestMappingHandlerMapping : Mapped "{[/customer/],methods=[POST]}" onto public void com.example.elasticsearch.aws.SpringbootmongoES.controller.CustomerRestController.save(com.example.elasticsearch.aws.SpringbootmongoES.model.Customer)
2018-08-07 10:45:35.505  INFO 16984 --- [restartedMain] s.w.s.m.m.a.RequestMappingHandlerMapping : Mapped "{[/es/customer/],methods=[POST]}" onto public void com.example.elasticsearch.aws.SpringbootmongoES.controller.CustomerRestController.save(com.example.elasticsearch.aws.SpringbootmongoES.model.CustomerES)
2018-08-07 10:45:35.506  INFO 16984 --- [restartedMain] s.w.s.m.m.a.RequestMappingHandlerMapping : Mapped "{[/es/customer/first/{firstName}]}" onto public com.example.elasticsearch.aws.SpringbootmongoES.model.CustomerES com.example.elasticsearch.aws.SpringbootmongoES.controller.CustomerRestController.findByFirstNameES(java.lang.String)
2018-08-07 10:45:35.511  INFO 16984 --- [restartedMain] s.w.s.m.m.a.RequestMappingHandlerMapping : Mapped "{[/es/customer/]}" onto public java.util.List<com.example.elasticsearch.aws.SpringbootmongoES.model.CustomerES> com.example.elasticsearch.aws.SpringbootmongoES.controller.CustomerRestController.findESAll()
2018-08-07 10:45:35.511  INFO 16984 --- [restartedMain] s.w.s.m.m.a.RequestMappingHandlerMapping : Mapped "{[/customer/first/{firstName}]}" onto public com.example.elasticsearch.aws.SpringbootmongoES.model.Customer com.example.elasticsearch.aws.SpringbootmongoES.controller.CustomerRestController.findByFirstName(java.lang.String)
2018-08-07 10:45:35.512  INFO 16984 --- [restartedMain] s.w.s.m.m.a.RequestMappingHandlerMapping : Mapped "{[/customer/cn/{country}]}" onto public java.util.List<com.example.elasticsearch.aws.SpringbootmongoES.model.Customer> com.example.elasticsearch.aws.SpringbootmongoES.controller.CustomerRestController.findByCountry(java.lang.String)
2018-08-07 10:45:35.512  INFO 16984 --- [restartedMain] s.w.s.m.m.a.RequestMappingHandlerMapping : Mapped "{[/es/customer/cn/{country}]}" onto public java.util.List<com.example.elasticsearch.aws.SpringbootmongoES.model.CustomerES> com.example.elasticsearch.aws.SpringbootmongoES.controller.CustomerRestController.findByCountryES(java.lang.String)
2018-08-07 10:45:35.514  INFO 16984 --- [restartedMain] s.w.s.m.m.a.RequestMappingHandlerMapping : Mapped "{[/es/customer/last/{lastName}]}" onto public java.util.List<com.example.elasticsearch.aws.SpringbootmongoES.model.CustomerES> com.example.elasticsearch.aws.SpringbootmongoES.controller.CustomerRestController.findByLastNameES(java.lang.String)
2018-08-07 10:45:35.515  INFO 16984 --- [restartedMain] s.w.s.m.m.a.RequestMappingHandlerMapping : Mapped "{[/es/sync/],methods=[GET]}" onto public void com.example.elasticsearch.aws.SpringbootmongoES.controller.CustomerRestController.syncMongoAndES()
2018-08-07 10:45:35.515  INFO 16984 --- [restartedMain] s.w.s.m.m.a.RequestMappingHandlerMapping : Mapped "{[/customer/last/{lastName}]}" onto public java.util.List<com.example.elasticsearch.aws.SpringbootmongoES.model.Customer> com.example.elasticsearch.aws.SpringbootmongoES.controller.CustomerRestController.findByLastName(java.lang.String)
2018-08-07 10:45:35.515  INFO 16984 --- [restartedMain] s.w.s.m.m.a.RequestMappingHandlerMapping : Mapped "{[/customer/]}" onto public java.util.List<com.example.elasticsearch.aws.SpringbootmongoES.model.Customer> com.example.elasticsearch.aws.SpringbootmongoES.controller.CustomerRestController.findAll()
2018-08-07 10:45:35.529  INFO 16984 --- [restartedMain] s.w.s.m.m.a.RequestMappingHandlerMapping : Mapped "{[/error]}" onto public org.springframework.http.ResponseEntity<java.util.Map<java.lang.String, java.lang.Object>> org.springframework.boot.autoconfigure.web.servlet.error.BasicErrorController.error(javax.servlet.http.HttpServletRequest)
2018-08-07 10:45:35.531  INFO 16984 --- [restartedMain] s.w.s.m.m.a.RequestMappingHandlerMapping : Mapped "{[/error],produces=[text/html]}" onto public org.springframework.web.servlet.ModelAndView org.springframework.boot.autoconfigure.web.servlet.error.BasicErrorController.errorHtml(javax.servlet.http.HttpServletRequest,javax.servlet.http.HttpServletResponse)
2018-08-07 10:45:35.613  INFO 16984 --- [restartedMain] o.s.w.s.handler.SimpleUrlHandlerMapping  : Mapped URL path [/webjars/**] onto handler of type [class org.springframework.web.servlet.resource.ResourceHttpRequestHandler]
2018-08-07 10:45:35.614  INFO 16984 --- [restartedMain] o.s.w.s.handler.SimpleUrlHandlerMapping  : Mapped URL path [/**] onto handler of type [class org.springframework.web.servlet.resource.ResourceHttpRequestHandler]
2018-08-07 10:45:37.263  INFO 16984 --- [restartedMain] o.s.b.d.a.OptionalLiveReloadServer       : LiveReload server is running on port 35729
2018-08-07 10:45:37.935  INFO 16984 --- [restartedMain] o.s.b.a.e.web.EndpointLinksResolver      : Exposing 2 endpoint(s) beneath base path '/actuator'
2018-08-07 10:45:37.962  INFO 16984 --- [restartedMain] s.b.a.e.w.s.WebMvcEndpointHandlerMapping : Mapped "{[/actuator/health],methods=[GET],produces=[application/vnd.spring-boot.actuator.v2+json || application/json]}" onto public java.lang.Object org.springframework.boot.actuate.endpoint.web.servlet.AbstractWebMvcEndpointHandlerMapping$OperationHandler.handle(javax.servlet.http.HttpServletRequest,java.util.Map<java.lang.String, java.lang.String>)
2018-08-07 10:45:37.963  INFO 16984 --- [restartedMain] s.b.a.e.w.s.WebMvcEndpointHandlerMapping : Mapped "{[/actuator/info],methods=[GET],produces=[application/vnd.spring-boot.actuator.v2+json || application/json]}" onto public java.lang.Object org.springframework.boot.actuate.endpoint.web.servlet.AbstractWebMvcEndpointHandlerMapping$OperationHandler.handle(javax.servlet.http.HttpServletRequest,java.util.Map<java.lang.String, java.lang.String>)
2018-08-07 10:45:37.965  INFO 16984 --- [restartedMain] s.b.a.e.w.s.WebMvcEndpointHandlerMapping : Mapped "{[/actuator],methods=[GET],produces=[application/vnd.spring-boot.actuator.v2+json || application/json]}" onto protected java.util.Map<java.lang.String, java.util.Map<java.lang.String, org.springframework.boot.actuate.endpoint.web.Link>> org.springframework.boot.actuate.endpoint.web.servlet.WebMvcEndpointHandlerMapping.links(javax.servlet.http.HttpServletRequest,javax.servlet.http.HttpServletResponse)
2018-08-07 10:45:38.146  INFO 16984 --- [restartedMain] o.s.j.e.a.AnnotationMBeanExporter        : Registering beans for JMX exposure on startup
2018-08-07 10:45:38.260  INFO 16984 --- [restartedMain] o.s.b.w.embedded.tomcat.TomcatWebServer  : Tomcat started on port(s): 8000 (http) with context path ''
2018-08-07 10:45:38.266  INFO 16984 --- [restartedMain] c.e.e.a.S.SpringBootMongoEsApplication   : Started SpringBootMongoEsApplication in 21.377 seconds (JVM running for 23.594)
2018-08-07 10:46:16.358  INFO 16984 --- [http-nio-8000-exec-1] o.a.c.c.C.[Tomcat].[localhost].[/]       : Initializing Spring FrameworkServlet 'dispatcherServlet'
2018-08-07 10:46:16.359  INFO 16984 --- [http-nio-8000-exec-1] o.s.web.servlet.DispatcherServlet        : FrameworkServlet 'dispatcherServlet': initialization started
2018-08-07 10:46:16.434  INFO 16984 --- [http-nio-8000-exec-1] o.s.web.servlet.DispatcherServlet        : FrameworkServlet 'dispatcherServlet': initialization completed in 75 ms
2018-08-07 10:46:21.782  INFO 16984 --- [http-nio-8000-exec-3] c.e.e.a.S.c.CustomerRestController       : Fetching customers from database ES [CustomerES [id=AWUQdqVWGTMDYlaTb5mM, firstName=Aritra, lastName=Nag, title=Mr, location=TTTT, country=India, phonenumber=333333, middleName=ddd], CustomerES [id=AWUQdqVWGTMDYlaTb5mN, firstName=llllll, lastName=lllllllljkjkjkjk, title=Mr, location=TTTT, country=India, phonenumber=333333, middleName=ddd], CustomerES [id=AWUQdqVWGTMDYlaTb5mO, firstName=jjjjj, lastName=iiiiii, title=Mr, location=TTTT, country=India, phonenumber=333333, middleName=ddd], CustomerES [id=AWUQdqVWGTMDYlaTb5mP, firstName=Aritra, lastName=Nag, title=Mr, location=TTTT, country=India, phonenumber=333333, middleName=ddd], CustomerES [id=AWUQdqVWGTMDYlaTb5mQ, firstName=Aritra, lastName=llklklk, title=Mr, location=TTTT, country=India, phonenumber=333333, middleName=ddd], CustomerES [id=AWUQk3jtGTMDYlaTb5mT, firstName=Aritra, lastName=llklklk, title=Mr, location=TTTT, country=India, phonenumber=333333, middleName=ddd], CustomerES [id=AWUQu_nSGTMDYlaTb5mV, firstName=Aritra, lastName=llklklk, title=Mr, location=TTTT, country=India, phonenumber=333333, middleName=ddd]]
2018-08-07 10:49:27.039  INFO 16984 --- [http-nio-8000-exec-5] c.e.e.a.S.c.CustomerRestController       : Storing customer in database CustomerES [id=null, firstName=Arccccitra, lastName=Nccccccag, title=Mr, location=TTTT, country=India, phonenumber=sadasdasd, middleName=ddd]
2018-08-07 11:00:19.848  INFO 16984 --- [http-nio-8000-exec-10] c.e.e.a.S.c.CustomerRestController       : Fetching customers from database ES [CustomerES [id=AWUQdqVWGTMDYlaTb5mM, firstName=Aritra, lastName=Nag, title=Mr, location=TTTT, country=India, phonenumber=333333, middleName=ddd], CustomerES [id=AWUQdqVWGTMDYlaTb5mN, firstName=llllll, lastName=lllllllljkjkjkjk, title=Mr, location=TTTT, country=India, phonenumber=333333, middleName=ddd], CustomerES [id=AWUQdqVWGTMDYlaTb5mO, firstName=jjjjj, lastName=iiiiii, title=Mr, location=TTTT, country=India, phonenumber=333333, middleName=ddd], CustomerES [id=AWUQdqVWGTMDYlaTb5mP, firstName=Aritra, lastName=Nag, title=Mr, location=TTTT, country=India, phonenumber=333333, middleName=ddd], CustomerES [id=AWUQdqVWGTMDYlaTb5mQ, firstName=Aritra, lastName=llklklk, title=Mr, location=TTTT, country=India, phonenumber=333333, middleName=ddd], CustomerES [id=AWUQk3jtGTMDYlaTb5mT, firstName=Aritra, lastName=llklklk, title=Mr, location=TTTT, country=India, phonenumber=333333, middleName=ddd], CustomerES [id=AWUQu_nSGTMDYlaTb5mV, firstName=Aritra, lastName=llklklk, title=Mr, location=TTTT, country=India, phonenumber=333333, middleName=ddd], CustomerES [id=AWUS02JJGTMDYlaTb5mX, firstName=Arccccitra, lastName=Nccccccag, title=Mr, location=TTTT, country=India, phonenumber=sadasdasd, middleName=ddd]]
2018-08-07 11:00:30.070  INFO 16984 --- [http-nio-8000-exec-9] c.e.e.a.S.c.CustomerRestController       : Fetching customers from database ES [CustomerES [id=AWUQdqVWGTMDYlaTb5mM, firstName=Aritra, lastName=Nag, title=Mr, location=TTTT, country=India, phonenumber=333333, middleName=ddd], CustomerES [id=AWUQdqVWGTMDYlaTb5mN, firstName=llllll, lastName=lllllllljkjkjkjk, title=Mr, location=TTTT, country=India, phonenumber=333333, middleName=ddd], CustomerES [id=AWUQdqVWGTMDYlaTb5mO, firstName=jjjjj, lastName=iiiiii, title=Mr, location=TTTT, country=India, phonenumber=333333, middleName=ddd], CustomerES [id=AWUQdqVWGTMDYlaTb5mP, firstName=Aritra, lastName=Nag, title=Mr, location=TTTT, country=India, phonenumber=333333, middleName=ddd], CustomerES [id=AWUQdqVWGTMDYlaTb5mQ, firstName=Aritra, lastName=llklklk, title=Mr, location=TTTT, country=India, phonenumber=333333, middleName=ddd], CustomerES [id=AWUQk3jtGTMDYlaTb5mT, firstName=Aritra, lastName=llklklk, title=Mr, location=TTTT, country=India, phonenumber=333333, middleName=ddd], CustomerES [id=AWUQu_nSGTMDYlaTb5mV, firstName=Aritra, lastName=llklklk, title=Mr, location=TTTT, country=India, phonenumber=333333, middleName=ddd], CustomerES [id=AWUS02JJGTMDYlaTb5mX, firstName=Arccccitra, lastName=Nccccccag, title=Mr, location=TTTT, country=India, phonenumber=sadasdasd, middleName=ddd]]
2018-08-07 11:01:04.201 ERROR 16984 --- [http-nio-8000-exec-7] c.g.v.s.jest.mapper.DefaultErrorMapper   : Cannot execute jest action , response code : 400 , error : {"root_cause":[{"type":"parsing_exception","reason":"[query_string] query does not support [max_determinized_states]","line":16,"col":41}],"type":"parsing_exception","reason":"[query_string] query does not support [max_determinized_states]","line":16,"col":41} , message : null
2018-08-07 11:01:04.247 ERROR 16984 --- [http-nio-8000-exec-7] o.a.c.c.C.[.[.[/].[dispatcherServlet]    : Servlet.service() for servlet [dispatcherServlet] in context with path [] threw exception [Request processing failed; nested exception is com.github.vanroy.springdata.jest.exception.JestElasticsearchException: Cannot execute jest action , response code : 400 , error : {"root_cause":[{"type":"parsing_exception","reason":"[query_string] query does not support [max_determinized_states]","line":16,"col":41}],"type":"parsing_exception","reason":"[query_string] query does not support [max_determinized_states]","line":16,"col":41} , message : null] with root cause

com.github.vanroy.springdata.jest.exception.JestElasticsearchException: Cannot execute jest action , response code : 400 , error : {"root_cause":[{"type":"parsing_exception","reason":"[query_string] query does not support [max_determinized_states]","line":16,"col":41}],"type":"parsing_exception","reason":"[query_string] query does not support [max_determinized_states]","line":16,"col":41} , message : null
	at com.github.vanroy.springdata.jest.mapper.DefaultErrorMapper.mapError(DefaultErrorMapper.java:30) ~[spring-data-jest-3.1.4.RELEASE.jar:na]
	at com.github.vanroy.springdata.jest.JestElasticsearchTemplate.execute(JestElasticsearchTemplate.java:1220) ~[spring-data-jest-3.1.4.RELEASE.jar:na]
	at com.github.vanroy.springdata.jest.JestElasticsearchTemplate.execute(JestElasticsearchTemplate.java:1210) ~[spring-data-jest-3.1.4.RELEASE.jar:na]
	at com.github.vanroy.springdata.jest.JestElasticsearchTemplate.executeSearch(JestElasticsearchTemplate.java:1323) ~[spring-data-jest-3.1.4.RELEASE.jar:na]
	at com.github.vanroy.springdata.jest.JestElasticsearchTemplate.queryForPage(JestElasticsearchTemplate.java:469) ~[spring-data-jest-3.1.4.RELEASE.jar:na]
	at com.github.vanroy.springdata.jest.JestElasticsearchTemplate.queryForObject(JestElasticsearchTemplate.java:386) ~[spring-data-jest-3.1.4.RELEASE.jar:na]
	at org.springframework.data.elasticsearch.repository.query.ElasticsearchPartQuery.execute(ElasticsearchPartQuery.java:81) ~[spring-data-elasticsearch-3.0.9.RELEASE.jar:3.0.9.RELEASE]
	at org.springframework.data.repository.core.support.RepositoryFactorySupport$QueryExecutorMethodInterceptor.doInvoke(RepositoryFactorySupport.java:590) ~[spring-data-commons-2.0.9.RELEASE.jar:2.0.9.RELEASE]
	at org.springframework.data.repository.core.support.RepositoryFactorySupport$QueryExecutorMethodInterceptor.invoke(RepositoryFactorySupport.java:578) ~[spring-data-commons-2.0.9.RELEASE.jar:2.0.9.RELEASE]
	at org.springframework.aop.framework.ReflectiveMethodInvocation.proceed(ReflectiveMethodInvocation.java:185) ~[spring-aop-5.0.8.RELEASE.jar:5.0.8.RELEASE]
	at org.springframework.data.projection.DefaultMethodInvokingMethodInterceptor.invoke(DefaultMethodInvokingMethodInterceptor.java:59) ~[spring-data-commons-2.0.9.RELEASE.jar:2.0.9.RELEASE]
	at org.springframework.aop.framework.ReflectiveMethodInvocation.proceed(ReflectiveMethodInvocation.java:185) ~[spring-aop-5.0.8.RELEASE.jar:5.0.8.RELEASE]
	at org.springframework.aop.interceptor.ExposeInvocationInterceptor.invoke(ExposeInvocationInterceptor.java:92) ~[spring-aop-5.0.8.RELEASE.jar:5.0.8.RELEASE]
	at org.springframework.aop.framework.ReflectiveMethodInvocation.proceed(ReflectiveMethodInvocation.java:185) ~[spring-aop-5.0.8.RELEASE.jar:5.0.8.RELEASE]
	at org.springframework.data.repository.core.support.SurroundingTransactionDetectorMethodInterceptor.invoke(SurroundingTransactionDetectorMethodInterceptor.java:61) ~[spring-data-commons-2.0.9.RELEASE.jar:2.0.9.RELEASE]
	at org.springframework.aop.framework.ReflectiveMethodInvocation.proceed(ReflectiveMethodInvocation.java:185) ~[spring-aop-5.0.8.RELEASE.jar:5.0.8.RELEASE]
	at org.springframework.aop.framework.JdkDynamicAopProxy.invoke(JdkDynamicAopProxy.java:212) ~[spring-aop-5.0.8.RELEASE.jar:5.0.8.RELEASE]
	at com.sun.proxy.$Proxy101.findByFirstName(Unknown Source) ~[na:na]
	at sun.reflect.NativeMethodAccessorImpl.invoke0(Native Method) ~[na:1.8.0_112]
	at sun.reflect.NativeMethodAccessorImpl.invoke(NativeMethodAccessorImpl.java:62) ~[na:1.8.0_112]
	at sun.reflect.DelegatingMethodAccessorImpl.invoke(DelegatingMethodAccessorImpl.java:43) ~[na:1.8.0_112]
	at java.lang.reflect.Method.invoke(Method.java:498) ~[na:1.8.0_112]
	at org.springframework.aop.support.AopUtils.invokeJoinpointUsingReflection(AopUtils.java:343) ~[spring-aop-5.0.8.RELEASE.jar:5.0.8.RELEASE]
	at org.springframework.aop.framework.ReflectiveMethodInvocation.invokeJoinpoint(ReflectiveMethodInvocation.java:197) ~[spring-aop-5.0.8.RELEASE.jar:5.0.8.RELEASE]
	at org.springframework.aop.framework.ReflectiveMethodInvocation.proceed(ReflectiveMethodInvocation.java:163) ~[spring-aop-5.0.8.RELEASE.jar:5.0.8.RELEASE]
	at org.springframework.dao.support.PersistenceExceptionTranslationInterceptor.invoke(PersistenceExceptionTranslationInterceptor.java:139) ~[spring-tx-5.0.8.RELEASE.jar:5.0.8.RELEASE]
	at org.springframework.aop.framework.ReflectiveMethodInvocation.proceed(ReflectiveMethodInvocation.java:185) ~[spring-aop-5.0.8.RELEASE.jar:5.0.8.RELEASE]
	at org.springframework.aop.framework.JdkDynamicAopProxy.invoke(JdkDynamicAopProxy.java:212) ~[spring-aop-5.0.8.RELEASE.jar:5.0.8.RELEASE]
	at com.sun.proxy.$Proxy101.findByFirstName(Unknown Source) ~[na:na]
	at com.example.elasticsearch.aws.SpringbootmongoES.controller.CustomerRestController.findByFirstNameES(CustomerRestController.java:54) ~[classes/:na]
	at sun.reflect.NativeMethodAccessorImpl.invoke0(Native Method) ~[na:1.8.0_112]
	at sun.reflect.NativeMethodAccessorImpl.invoke(NativeMethodAccessorImpl.java:62) ~[na:1.8.0_112]
	at sun.reflect.DelegatingMethodAccessorImpl.invoke(DelegatingMethodAccessorImpl.java:43) ~[na:1.8.0_112]
	at java.lang.reflect.Method.invoke(Method.java:498) ~[na:1.8.0_112]
	at org.springframework.web.method.support.InvocableHandlerMethod.doInvoke(InvocableHandlerMethod.java:209) ~[spring-web-5.0.8.RELEASE.jar:5.0.8.RELEASE]
	at org.springframework.web.method.support.InvocableHandlerMethod.invokeForRequest(InvocableHandlerMethod.java:136) ~[spring-web-5.0.8.RELEASE.jar:5.0.8.RELEASE]
	at org.springframework.web.servlet.mvc.method.annotation.ServletInvocableHandlerMethod.invokeAndHandle(ServletInvocableHandlerMethod.java:102) ~[spring-webmvc-5.0.8.RELEASE.jar:5.0.8.RELEASE]
	at org.springframework.web.servlet.mvc.method.annotation.RequestMappingHandlerAdapter.invokeHandlerMethod(RequestMappingHandlerAdapter.java:877) ~[spring-webmvc-5.0.8.RELEASE.jar:5.0.8.RELEASE]
	at org.springframework.web.servlet.mvc.method.annotation.RequestMappingHandlerAdapter.handleInternal(RequestMappingHandlerAdapter.java:783) ~[spring-webmvc-5.0.8.RELEASE.jar:5.0.8.RELEASE]
	at org.springframework.web.servlet.mvc.method.AbstractHandlerMethodAdapter.handle(AbstractHandlerMethodAdapter.java:87) ~[spring-webmvc-5.0.8.RELEASE.jar:5.0.8.RELEASE]
	at org.springframework.web.servlet.DispatcherServlet.doDispatch(DispatcherServlet.java:991) ~[spring-webmvc-5.0.8.RELEASE.jar:5.0.8.RELEASE]
	at org.springframework.web.servlet.DispatcherServlet.doService(DispatcherServlet.java:925) ~[spring-webmvc-5.0.8.RELEASE.jar:5.0.8.RELEASE]
	at org.springframework.web.servlet.FrameworkServlet.processRequest(FrameworkServlet.java:974) ~[spring-webmvc-5.0.8.RELEASE.jar:5.0.8.RELEASE]
	at org.springframework.web.servlet.FrameworkServlet.doGet(FrameworkServlet.java:866) ~[spring-webmvc-5.0.8.RELEASE.jar:5.0.8.RELEASE]
	at javax.servlet.http.HttpServlet.service(HttpServlet.java:635) ~[tomcat-embed-core-8.5.32.jar:8.5.32]
	at org.springframework.web.servlet.FrameworkServlet.service(FrameworkServlet.java:851) ~[spring-webmvc-5.0.8.RELEASE.jar:5.0.8.RELEASE]
	at javax.servlet.http.HttpServlet.service(HttpServlet.java:742) ~[tomcat-embed-core-8.5.32.jar:8.5.32]
	at org.apache.catalina.core.ApplicationFilterChain.internalDoFilter(ApplicationFilterChain.java:231) ~[tomcat-embed-core-8.5.32.jar:8.5.32]
	at org.apache.catalina.core.ApplicationFilterChain.doFilter(ApplicationFilterChain.java:166) ~[tomcat-embed-core-8.5.32.jar:8.5.32]
	at org.apache.tomcat.websocket.server.WsFilter.doFilter(WsFilter.java:52) ~[tomcat-embed-websocket-8.5.32.jar:8.5.32]
	at org.apache.catalina.core.ApplicationFilterChain.internalDoFilter(ApplicationFilterChain.java:193) ~[tomcat-embed-core-8.5.32.jar:8.5.32]
	at org.apache.catalina.core.ApplicationFilterChain.doFilter(ApplicationFilterChain.java:166) ~[tomcat-embed-core-8.5.32.jar:8.5.32]
	at org.springframework.boot.actuate.web.trace.servlet.HttpTraceFilter.doFilterInternal(HttpTraceFilter.java:90) ~[spring-boot-actuator-2.0.4.RELEASE.jar:2.0.4.RELEASE]
	at org.springframework.web.filter.OncePerRequestFilter.doFilter(OncePerRequestFilter.java:107) ~[spring-web-5.0.8.RELEASE.jar:5.0.8.RELEASE]
	at org.apache.catalina.core.ApplicationFilterChain.internalDoFilter(ApplicationFilterChain.java:193) ~[tomcat-embed-core-8.5.32.jar:8.5.32]
	at org.apache.catalina.core.ApplicationFilterChain.doFilter(ApplicationFilterChain.java:166) ~[tomcat-embed-core-8.5.32.jar:8.5.32]
	at org.springframework.web.filter.RequestContextFilter.doFilterInternal(RequestContextFilter.java:99) ~[spring-web-5.0.8.RELEASE.jar:5.0.8.RELEASE]
	at org.springframework.web.filter.OncePerRequestFilter.doFilter(OncePerRequestFilter.java:107) ~[spring-web-5.0.8.RELEASE.jar:5.0.8.RELEASE]
	at org.apache.catalina.core.ApplicationFilterChain.internalDoFilter(ApplicationFilterChain.java:193) ~[tomcat-embed-core-8.5.32.jar:8.5.32]
	at org.apache.catalina.core.ApplicationFilterChain.doFilter(ApplicationFilterChain.java:166) ~[tomcat-embed-core-8.5.32.jar:8.5.32]
	at org.springframework.web.filter.HttpPutFormContentFilter.doFilterInternal(HttpPutFormContentFilter.java:109) ~[spring-web-5.0.8.RELEASE.jar:5.0.8.RELEASE]
	at org.springframework.web.filter.OncePerRequestFilter.doFilter(OncePerRequestFilter.java:107) ~[spring-web-5.0.8.RELEASE.jar:5.0.8.RELEASE]
	at org.apache.catalina.core.ApplicationFilterChain.internalDoFilter(ApplicationFilterChain.java:193) ~[tomcat-embed-core-8.5.32.jar:8.5.32]
	at org.apache.catalina.core.ApplicationFilterChain.doFilter(ApplicationFilterChain.java:166) ~[tomcat-embed-core-8.5.32.jar:8.5.32]
	at org.springframework.web.filter.HiddenHttpMethodFilter.doFilterInternal(HiddenHttpMethodFilter.java:93) ~[spring-web-5.0.8.RELEASE.jar:5.0.8.RELEASE]
	at org.springframework.web.filter.OncePerRequestFilter.doFilter(OncePerRequestFilter.java:107) ~[spring-web-5.0.8.RELEASE.jar:5.0.8.RELEASE]
	at org.apache.catalina.core.ApplicationFilterChain.internalDoFilter(ApplicationFilterChain.java:193) ~[tomcat-embed-core-8.5.32.jar:8.5.32]
	at org.apache.catalina.core.ApplicationFilterChain.doFilter(ApplicationFilterChain.java:166) ~[tomcat-embed-core-8.5.32.jar:8.5.32]
	at org.springframework.boot.actuate.metrics.web.servlet.WebMvcMetricsFilter.filterAndRecordMetrics(WebMvcMetricsFilter.java:155) ~[spring-boot-actuator-2.0.4.RELEASE.jar:2.0.4.RELEASE]
	at org.springframework.boot.actuate.metrics.web.servlet.WebMvcMetricsFilter.filterAndRecordMetrics(WebMvcMetricsFilter.java:123) ~[spring-boot-actuator-2.0.4.RELEASE.jar:2.0.4.RELEASE]
	at org.springframework.boot.actuate.metrics.web.servlet.WebMvcMetricsFilter.doFilterInternal(WebMvcMetricsFilter.java:108) ~[spring-boot-actuator-2.0.4.RELEASE.jar:2.0.4.RELEASE]
	at org.springframework.web.filter.OncePerRequestFilter.doFilter(OncePerRequestFilter.java:107) ~[spring-web-5.0.8.RELEASE.jar:5.0.8.RELEASE]
	at org.apache.catalina.core.ApplicationFilterChain.internalDoFilter(ApplicationFilterChain.java:193) ~[tomcat-embed-core-8.5.32.jar:8.5.32]
	at org.apache.catalina.core.ApplicationFilterChain.doFilter(ApplicationFilterChain.java:166) ~[tomcat-embed-core-8.5.32.jar:8.5.32]
	at org.springframework.web.filter.CharacterEncodingFilter.doFilterInternal(CharacterEncodingFilter.java:200) ~[spring-web-5.0.8.RELEASE.jar:5.0.8.RELEASE]
	at org.springframework.web.filter.OncePerRequestFilter.doFilter(OncePerRequestFilter.java:107) ~[spring-web-5.0.8.RELEASE.jar:5.0.8.RELEASE]
	at org.apache.catalina.core.ApplicationFilterChain.internalDoFilter(ApplicationFilterChain.java:193) ~[tomcat-embed-core-8.5.32.jar:8.5.32]
	at org.apache.catalina.core.ApplicationFilterChain.doFilter(ApplicationFilterChain.java:166) ~[tomcat-embed-core-8.5.32.jar:8.5.32]
	at org.apache.catalina.core.StandardWrapperValve.invoke(StandardWrapperValve.java:198) ~[tomcat-embed-core-8.5.32.jar:8.5.32]
	at org.apache.catalina.core.StandardContextValve.invoke(StandardContextValve.java:96) [tomcat-embed-core-8.5.32.jar:8.5.32]
	at org.apache.catalina.authenticator.AuthenticatorBase.invoke(AuthenticatorBase.java:493) [tomcat-embed-core-8.5.32.jar:8.5.32]
	at org.apache.catalina.core.StandardHostValve.invoke(StandardHostValve.java:140) [tomcat-embed-core-8.5.32.jar:8.5.32]
	at org.apache.catalina.valves.ErrorReportValve.invoke(ErrorReportValve.java:81) [tomcat-embed-core-8.5.32.jar:8.5.32]
	at org.apache.catalina.core.StandardEngineValve.invoke(StandardEngineValve.java:87) [tomcat-embed-core-8.5.32.jar:8.5.32]
	at org.apache.catalina.connector.CoyoteAdapter.service(CoyoteAdapter.java:342) [tomcat-embed-core-8.5.32.jar:8.5.32]
	at org.apache.coyote.http11.Http11Processor.service(Http11Processor.java:800) [tomcat-embed-core-8.5.32.jar:8.5.32]
	at org.apache.coyote.AbstractProcessorLight.process(AbstractProcessorLight.java:66) [tomcat-embed-core-8.5.32.jar:8.5.32]
	at org.apache.coyote.AbstractProtocol$ConnectionHandler.process(AbstractProtocol.java:800) [tomcat-embed-core-8.5.32.jar:8.5.32]
	at org.apache.tomcat.util.net.NioEndpoint$SocketProcessor.doRun(NioEndpoint.java:1471) [tomcat-embed-core-8.5.32.jar:8.5.32]
	at org.apache.tomcat.util.net.SocketProcessorBase.run(SocketProcessorBase.java:49) [tomcat-embed-core-8.5.32.jar:8.5.32]
	at java.util.concurrent.ThreadPoolExecutor.runWorker(ThreadPoolExecutor.java:1142) [na:1.8.0_112]
	at java.util.concurrent.ThreadPoolExecutor$Worker.run(ThreadPoolExecutor.java:617) [na:1.8.0_112]
	at org.apache.tomcat.util.threads.TaskThread$WrappingRunnable.run(TaskThread.java:61) [tomcat-embed-core-8.5.32.jar:8.5.32]
	at java.lang.Thread.run(Thread.java:745) [na:1.8.0_112]

2018-08-07 11:01:18.789  INFO 16984 --- [http-nio-8000-exec-1] org.mongodb.driver.connection            : Opened connection [connectionId{localValue:2, serverValue:2}] to 54.152.114.46:27017
2018-08-07 11:01:19.134 ERROR 16984 --- [http-nio-8000-exec-1] o.a.c.c.C.[.[.[/].[dispatcherServlet]    : Servlet.service() for servlet [dispatcherServlet] in context with path [] threw exception [Request processing failed; nested exception is org.springframework.dao.IncorrectResultSizeDataAccessException: Query { "$java" : Query: { "firstName" : "Aritra" }, Fields: { }, Sort: { } } returned non unique result.] with root cause

org.springframework.dao.IncorrectResultSizeDataAccessException: Query { "$java" : Query: { "firstName" : "Aritra" }, Fields: { }, Sort: { } } returned non unique result.
	at org.springframework.data.mongodb.core.ExecutableFindOperationSupport$ExecutableFindSupport.oneValue(ExecutableFindOperationSupport.java:145) ~[spring-data-mongodb-2.0.9.RELEASE.jar:2.0.9.RELEASE]
	at org.springframework.data.mongodb.repository.query.AbstractMongoQuery.lambda$getExecution$4(AbstractMongoQuery.java:124) ~[spring-data-mongodb-2.0.9.RELEASE.jar:2.0.9.RELEASE]
	at org.springframework.data.mongodb.repository.query.AbstractMongoQuery.execute(AbstractMongoQuery.java:97) ~[spring-data-mongodb-2.0.9.RELEASE.jar:2.0.9.RELEASE]
	at org.springframework.data.repository.core.support.RepositoryFactorySupport$QueryExecutorMethodInterceptor.doInvoke(RepositoryFactorySupport.java:590) ~[spring-data-commons-2.0.9.RELEASE.jar:2.0.9.RELEASE]
	at org.springframework.data.repository.core.support.RepositoryFactorySupport$QueryExecutorMethodInterceptor.invoke(RepositoryFactorySupport.java:578) ~[spring-data-commons-2.0.9.RELEASE.jar:2.0.9.RELEASE]
	at org.springframework.aop.framework.ReflectiveMethodInvocation.proceed(ReflectiveMethodInvocation.java:185) ~[spring-aop-5.0.8.RELEASE.jar:5.0.8.RELEASE]
	at org.springframework.data.projection.DefaultMethodInvokingMethodInterceptor.invoke(DefaultMethodInvokingMethodInterceptor.java:59) ~[spring-data-commons-2.0.9.RELEASE.jar:2.0.9.RELEASE]
	at org.springframework.aop.framework.ReflectiveMethodInvocation.proceed(ReflectiveMethodInvocation.java:185) ~[spring-aop-5.0.8.RELEASE.jar:5.0.8.RELEASE]
	at org.springframework.aop.interceptor.ExposeInvocationInterceptor.invoke(ExposeInvocationInterceptor.java:92) ~[spring-aop-5.0.8.RELEASE.jar:5.0.8.RELEASE]
	at org.springframework.aop.framework.ReflectiveMethodInvocation.proceed(ReflectiveMethodInvocation.java:185) ~[spring-aop-5.0.8.RELEASE.jar:5.0.8.RELEASE]
	at org.springframework.data.repository.core.support.SurroundingTransactionDetectorMethodInterceptor.invoke(SurroundingTransactionDetectorMethodInterceptor.java:61) ~[spring-data-commons-2.0.9.RELEASE.jar:2.0.9.RELEASE]
	at org.springframework.aop.framework.ReflectiveMethodInvocation.proceed(ReflectiveMethodInvocation.java:185) ~[spring-aop-5.0.8.RELEASE.jar:5.0.8.RELEASE]
	at org.springframework.aop.framework.JdkDynamicAopProxy.invoke(JdkDynamicAopProxy.java:212) ~[spring-aop-5.0.8.RELEASE.jar:5.0.8.RELEASE]
	at com.sun.proxy.$Proxy99.findByFirstName(Unknown Source) ~[na:na]
	at com.example.elasticsearch.aws.SpringbootmongoES.controller.CustomerRestController.findByFirstName(CustomerRestController.java:61) ~[classes/:na]
	at sun.reflect.NativeMethodAccessorImpl.invoke0(Native Method) ~[na:1.8.0_112]
	at sun.reflect.NativeMethodAccessorImpl.invoke(NativeMethodAccessorImpl.java:62) ~[na:1.8.0_112]
	at sun.reflect.DelegatingMethodAccessorImpl.invoke(DelegatingMethodAccessorImpl.java:43) ~[na:1.8.0_112]
	at java.lang.reflect.Method.invoke(Method.java:498) ~[na:1.8.0_112]
	at org.springframework.web.method.support.InvocableHandlerMethod.doInvoke(InvocableHandlerMethod.java:209) ~[spring-web-5.0.8.RELEASE.jar:5.0.8.RELEASE]
	at org.springframework.web.method.support.InvocableHandlerMethod.invokeForRequest(InvocableHandlerMethod.java:136) ~[spring-web-5.0.8.RELEASE.jar:5.0.8.RELEASE]
	at org.springframework.web.servlet.mvc.method.annotation.ServletInvocableHandlerMethod.invokeAndHandle(ServletInvocableHandlerMethod.java:102) ~[spring-webmvc-5.0.8.RELEASE.jar:5.0.8.RELEASE]
	at org.springframework.web.servlet.mvc.method.annotation.RequestMappingHandlerAdapter.invokeHandlerMethod(RequestMappingHandlerAdapter.java:877) ~[spring-webmvc-5.0.8.RELEASE.jar:5.0.8.RELEASE]
	at org.springframework.web.servlet.mvc.method.annotation.RequestMappingHandlerAdapter.handleInternal(RequestMappingHandlerAdapter.java:783) ~[spring-webmvc-5.0.8.RELEASE.jar:5.0.8.RELEASE]
	at org.springframework.web.servlet.mvc.method.AbstractHandlerMethodAdapter.handle(AbstractHandlerMethodAdapter.java:87) ~[spring-webmvc-5.0.8.RELEASE.jar:5.0.8.RELEASE]
	at org.springframework.web.servlet.DispatcherServlet.doDispatch(DispatcherServlet.java:991) ~[spring-webmvc-5.0.8.RELEASE.jar:5.0.8.RELEASE]
	at org.springframework.web.servlet.DispatcherServlet.doService(DispatcherServlet.java:925) ~[spring-webmvc-5.0.8.RELEASE.jar:5.0.8.RELEASE]
	at org.springframework.web.servlet.FrameworkServlet.processRequest(FrameworkServlet.java:974) ~[spring-webmvc-5.0.8.RELEASE.jar:5.0.8.RELEASE]
	at org.springframework.web.servlet.FrameworkServlet.doGet(FrameworkServlet.java:866) ~[spring-webmvc-5.0.8.RELEASE.jar:5.0.8.RELEASE]
	at javax.servlet.http.HttpServlet.service(HttpServlet.java:635) ~[tomcat-embed-core-8.5.32.jar:8.5.32]
	at org.springframework.web.servlet.FrameworkServlet.service(FrameworkServlet.java:851) ~[spring-webmvc-5.0.8.RELEASE.jar:5.0.8.RELEASE]
	at javax.servlet.http.HttpServlet.service(HttpServlet.java:742) ~[tomcat-embed-core-8.5.32.jar:8.5.32]
	at org.apache.catalina.core.ApplicationFilterChain.internalDoFilter(ApplicationFilterChain.java:231) ~[tomcat-embed-core-8.5.32.jar:8.5.32]
	at org.apache.catalina.core.ApplicationFilterChain.doFilter(ApplicationFilterChain.java:166) ~[tomcat-embed-core-8.5.32.jar:8.5.32]
	at org.apache.tomcat.websocket.server.WsFilter.doFilter(WsFilter.java:52) ~[tomcat-embed-websocket-8.5.32.jar:8.5.32]
	at org.apache.catalina.core.ApplicationFilterChain.internalDoFilter(ApplicationFilterChain.java:193) ~[tomcat-embed-core-8.5.32.jar:8.5.32]
	at org.apache.catalina.core.ApplicationFilterChain.doFilter(ApplicationFilterChain.java:166) ~[tomcat-embed-core-8.5.32.jar:8.5.32]
	at org.springframework.boot.actuate.web.trace.servlet.HttpTraceFilter.doFilterInternal(HttpTraceFilter.java:90) ~[spring-boot-actuator-2.0.4.RELEASE.jar:2.0.4.RELEASE]
	at org.springframework.web.filter.OncePerRequestFilter.doFilter(OncePerRequestFilter.java:107) ~[spring-web-5.0.8.RELEASE.jar:5.0.8.RELEASE]
	at org.apache.catalina.core.ApplicationFilterChain.internalDoFilter(ApplicationFilterChain.java:193) ~[tomcat-embed-core-8.5.32.jar:8.5.32]
	at org.apache.catalina.core.ApplicationFilterChain.doFilter(ApplicationFilterChain.java:166) ~[tomcat-embed-core-8.5.32.jar:8.5.32]
	at org.springframework.web.filter.RequestContextFilter.doFilterInternal(RequestContextFilter.java:99) ~[spring-web-5.0.8.RELEASE.jar:5.0.8.RELEASE]
	at org.springframework.web.filter.OncePerRequestFilter.doFilter(OncePerRequestFilter.java:107) ~[spring-web-5.0.8.RELEASE.jar:5.0.8.RELEASE]
	at org.apache.catalina.core.ApplicationFilterChain.internalDoFilter(ApplicationFilterChain.java:193) ~[tomcat-embed-core-8.5.32.jar:8.5.32]
	at org.apache.catalina.core.ApplicationFilterChain.doFilter(ApplicationFilterChain.java:166) ~[tomcat-embed-core-8.5.32.jar:8.5.32]
	at org.springframework.web.filter.HttpPutFormContentFilter.doFilterInternal(HttpPutFormContentFilter.java:109) ~[spring-web-5.0.8.RELEASE.jar:5.0.8.RELEASE]
	at org.springframework.web.filter.OncePerRequestFilter.doFilter(OncePerRequestFilter.java:107) ~[spring-web-5.0.8.RELEASE.jar:5.0.8.RELEASE]
	at org.apache.catalina.core.ApplicationFilterChain.internalDoFilter(ApplicationFilterChain.java:193) ~[tomcat-embed-core-8.5.32.jar:8.5.32]
	at org.apache.catalina.core.ApplicationFilterChain.doFilter(ApplicationFilterChain.java:166) ~[tomcat-embed-core-8.5.32.jar:8.5.32]
	at org.springframework.web.filter.HiddenHttpMethodFilter.doFilterInternal(HiddenHttpMethodFilter.java:93) ~[spring-web-5.0.8.RELEASE.jar:5.0.8.RELEASE]
	at org.springframework.web.filter.OncePerRequestFilter.doFilter(OncePerRequestFilter.java:107) ~[spring-web-5.0.8.RELEASE.jar:5.0.8.RELEASE]
	at org.apache.catalina.core.ApplicationFilterChain.internalDoFilter(ApplicationFilterChain.java:193) ~[tomcat-embed-core-8.5.32.jar:8.5.32]
	at org.apache.catalina.core.ApplicationFilterChain.doFilter(ApplicationFilterChain.java:166) ~[tomcat-embed-core-8.5.32.jar:8.5.32]
	at org.springframework.boot.actuate.metrics.web.servlet.WebMvcMetricsFilter.filterAndRecordMetrics(WebMvcMetricsFilter.java:155) ~[spring-boot-actuator-2.0.4.RELEASE.jar:2.0.4.RELEASE]
	at org.springframework.boot.actuate.metrics.web.servlet.WebMvcMetricsFilter.filterAndRecordMetrics(WebMvcMetricsFilter.java:123) ~[spring-boot-actuator-2.0.4.RELEASE.jar:2.0.4.RELEASE]
	at org.springframework.boot.actuate.metrics.web.servlet.WebMvcMetricsFilter.doFilterInternal(WebMvcMetricsFilter.java:108) ~[spring-boot-actuator-2.0.4.RELEASE.jar:2.0.4.RELEASE]
	at org.springframework.web.filter.OncePerRequestFilter.doFilter(OncePerRequestFilter.java:107) ~[spring-web-5.0.8.RELEASE.jar:5.0.8.RELEASE]
	at org.apache.catalina.core.ApplicationFilterChain.internalDoFilter(ApplicationFilterChain.java:193) ~[tomcat-embed-core-8.5.32.jar:8.5.32]
	at org.apache.catalina.core.ApplicationFilterChain.doFilter(ApplicationFilterChain.java:166) ~[tomcat-embed-core-8.5.32.jar:8.5.32]
	at org.springframework.web.filter.CharacterEncodingFilter.doFilterInternal(CharacterEncodingFilter.java:200) ~[spring-web-5.0.8.RELEASE.jar:5.0.8.RELEASE]
	at org.springframework.web.filter.OncePerRequestFilter.doFilter(OncePerRequestFilter.java:107) ~[spring-web-5.0.8.RELEASE.jar:5.0.8.RELEASE]
	at org.apache.catalina.core.ApplicationFilterChain.internalDoFilter(ApplicationFilterChain.java:193) ~[tomcat-embed-core-8.5.32.jar:8.5.32]
	at org.apache.catalina.core.ApplicationFilterChain.doFilter(ApplicationFilterChain.java:166) ~[tomcat-embed-core-8.5.32.jar:8.5.32]
	at org.apache.catalina.core.StandardWrapperValve.invoke(StandardWrapperValve.java:198) ~[tomcat-embed-core-8.5.32.jar:8.5.32]
	at org.apache.catalina.core.StandardContextValve.invoke(StandardContextValve.java:96) [tomcat-embed-core-8.5.32.jar:8.5.32]
	at org.apache.catalina.authenticator.AuthenticatorBase.invoke(AuthenticatorBase.java:493) [tomcat-embed-core-8.5.32.jar:8.5.32]
	at org.apache.catalina.core.StandardHostValve.invoke(StandardHostValve.java:140) [tomcat-embed-core-8.5.32.jar:8.5.32]
	at org.apache.catalina.valves.ErrorReportValve.invoke(ErrorReportValve.java:81) [tomcat-embed-core-8.5.32.jar:8.5.32]
	at org.apache.catalina.core.StandardEngineValve.invoke(StandardEngineValve.java:87) [tomcat-embed-core-8.5.32.jar:8.5.32]
	at org.apache.catalina.connector.CoyoteAdapter.service(CoyoteAdapter.java:342) [tomcat-embed-core-8.5.32.jar:8.5.32]
	at org.apache.coyote.http11.Http11Processor.service(Http11Processor.java:800) [tomcat-embed-core-8.5.32.jar:8.5.32]
	at org.apache.coyote.AbstractProcessorLight.process(AbstractProcessorLight.java:66) [tomcat-embed-core-8.5.32.jar:8.5.32]
	at org.apache.coyote.AbstractProtocol$ConnectionHandler.process(AbstractProtocol.java:800) [tomcat-embed-core-8.5.32.jar:8.5.32]
	at org.apache.tomcat.util.net.NioEndpoint$SocketProcessor.doRun(NioEndpoint.java:1471) [tomcat-embed-core-8.5.32.jar:8.5.32]
	at org.apache.tomcat.util.net.SocketProcessorBase.run(SocketProcessorBase.java:49) [tomcat-embed-core-8.5.32.jar:8.5.32]
	at java.util.concurrent.ThreadPoolExecutor.runWorker(ThreadPoolExecutor.java:1142) [na:1.8.0_112]
	at java.util.concurrent.ThreadPoolExecutor$Worker.run(ThreadPoolExecutor.java:617) [na:1.8.0_112]
	at org.apache.tomcat.util.threads.TaskThread$WrappingRunnable.run(TaskThread.java:61) [tomcat-embed-core-8.5.32.jar:8.5.32]
	at java.lang.Thread.run(Thread.java:745) [na:1.8.0_112]

2018-08-07 11:02:19.007  INFO 16984 --- [http-nio-8000-exec-2] c.e.e.a.S.c.CustomerRestController       : Fetching customers from database null
2018-08-07 11:02:42.461 ERROR 16984 --- [http-nio-8000-exec-4] c.g.v.s.jest.mapper.DefaultErrorMapper   : Cannot execute jest action , response code : 400 , error : {"root_cause":[{"type":"parsing_exception","reason":"[query_string] query does not support [max_determinized_states]","line":16,"col":41}],"type":"parsing_exception","reason":"[query_string] query does not support [max_determinized_states]","line":16,"col":41} , message : null
2018-08-07 11:02:42.464 ERROR 16984 --- [http-nio-8000-exec-4] o.a.c.c.C.[.[.[/].[dispatcherServlet]    : Servlet.service() for servlet [dispatcherServlet] in context with path [] threw exception [Request processing failed; nested exception is com.github.vanroy.springdata.jest.exception.JestElasticsearchException: Cannot execute jest action , response code : 400 , error : {"root_cause":[{"type":"parsing_exception","reason":"[query_string] query does not support [max_determinized_states]","line":16,"col":41}],"type":"parsing_exception","reason":"[query_string] query does not support [max_determinized_states]","line":16,"col":41} , message : null] with root cause

com.github.vanroy.springdata.jest.exception.JestElasticsearchException: Cannot execute jest action , response code : 400 , error : {"root_cause":[{"type":"parsing_exception","reason":"[query_string] query does not support [max_determinized_states]","line":16,"col":41}],"type":"parsing_exception","reason":"[query_string] query does not support [max_determinized_states]","line":16,"col":41} , message : null
	at com.github.vanroy.springdata.jest.mapper.DefaultErrorMapper.mapError(DefaultErrorMapper.java:30) ~[spring-data-jest-3.1.4.RELEASE.jar:na]
	at com.github.vanroy.springdata.jest.JestElasticsearchTemplate.execute(JestElasticsearchTemplate.java:1220) ~[spring-data-jest-3.1.4.RELEASE.jar:na]
	at com.github.vanroy.springdata.jest.JestElasticsearchTemplate.execute(JestElasticsearchTemplate.java:1210) ~[spring-data-jest-3.1.4.RELEASE.jar:na]
	at com.github.vanroy.springdata.jest.JestElasticsearchTemplate.executeSearch(JestElasticsearchTemplate.java:1323) ~[spring-data-jest-3.1.4.RELEASE.jar:na]
	at com.github.vanroy.springdata.jest.JestElasticsearchTemplate.queryForPage(JestElasticsearchTemplate.java:469) ~[spring-data-jest-3.1.4.RELEASE.jar:na]
	at com.github.vanroy.springdata.jest.JestElasticsearchTemplate.queryForList(JestElasticsearchTemplate.java:425) ~[spring-data-jest-3.1.4.RELEASE.jar:na]
	at org.springframework.data.elasticsearch.repository.query.ElasticsearchPartQuery.execute(ElasticsearchPartQuery.java:77) ~[spring-data-elasticsearch-3.0.9.RELEASE.jar:3.0.9.RELEASE]
	at org.springframework.data.repository.core.support.RepositoryFactorySupport$QueryExecutorMethodInterceptor.doInvoke(RepositoryFactorySupport.java:590) ~[spring-data-commons-2.0.9.RELEASE.jar:2.0.9.RELEASE]
	at org.springframework.data.repository.core.support.RepositoryFactorySupport$QueryExecutorMethodInterceptor.invoke(RepositoryFactorySupport.java:578) ~[spring-data-commons-2.0.9.RELEASE.jar:2.0.9.RELEASE]
	at org.springframework.aop.framework.ReflectiveMethodInvocation.proceed(ReflectiveMethodInvocation.java:185) ~[spring-aop-5.0.8.RELEASE.jar:5.0.8.RELEASE]
	at org.springframework.data.projection.DefaultMethodInvokingMethodInterceptor.invoke(DefaultMethodInvokingMethodInterceptor.java:59) ~[spring-data-commons-2.0.9.RELEASE.jar:2.0.9.RELEASE]
	at org.springframework.aop.framework.ReflectiveMethodInvocation.proceed(ReflectiveMethodInvocation.java:185) ~[spring-aop-5.0.8.RELEASE.jar:5.0.8.RELEASE]
	at org.springframework.aop.interceptor.ExposeInvocationInterceptor.invoke(ExposeInvocationInterceptor.java:92) ~[spring-aop-5.0.8.RELEASE.jar:5.0.8.RELEASE]
	at org.springframework.aop.framework.ReflectiveMethodInvocation.proceed(ReflectiveMethodInvocation.java:185) ~[spring-aop-5.0.8.RELEASE.jar:5.0.8.RELEASE]
	at org.springframework.data.repository.core.support.SurroundingTransactionDetectorMethodInterceptor.invoke(SurroundingTransactionDetectorMethodInterceptor.java:61) ~[spring-data-commons-2.0.9.RELEASE.jar:2.0.9.RELEASE]
	at org.springframework.aop.framework.ReflectiveMethodInvocation.proceed(ReflectiveMethodInvocation.java:185) ~[spring-aop-5.0.8.RELEASE.jar:5.0.8.RELEASE]
	at org.springframework.aop.framework.JdkDynamicAopProxy.invoke(JdkDynamicAopProxy.java:212) ~[spring-aop-5.0.8.RELEASE.jar:5.0.8.RELEASE]
	at com.sun.proxy.$Proxy101.findByLastName(Unknown Source) ~[na:na]
	at sun.reflect.NativeMethodAccessorImpl.invoke0(Native Method) ~[na:1.8.0_112]
	at sun.reflect.NativeMethodAccessorImpl.invoke(NativeMethodAccessorImpl.java:62) ~[na:1.8.0_112]
	at sun.reflect.DelegatingMethodAccessorImpl.invoke(DelegatingMethodAccessorImpl.java:43) ~[na:1.8.0_112]
	at java.lang.reflect.Method.invoke(Method.java:498) ~[na:1.8.0_112]
	at org.springframework.aop.support.AopUtils.invokeJoinpointUsingReflection(AopUtils.java:343) ~[spring-aop-5.0.8.RELEASE.jar:5.0.8.RELEASE]
	at org.springframework.aop.framework.ReflectiveMethodInvocation.invokeJoinpoint(ReflectiveMethodInvocation.java:197) ~[spring-aop-5.0.8.RELEASE.jar:5.0.8.RELEASE]
	at org.springframework.aop.framework.ReflectiveMethodInvocation.proceed(ReflectiveMethodInvocation.java:163) ~[spring-aop-5.0.8.RELEASE.jar:5.0.8.RELEASE]
	at org.springframework.dao.support.PersistenceExceptionTranslationInterceptor.invoke(PersistenceExceptionTranslationInterceptor.java:139) ~[spring-tx-5.0.8.RELEASE.jar:5.0.8.RELEASE]
	at org.springframework.aop.framework.ReflectiveMethodInvocation.proceed(ReflectiveMethodInvocation.java:185) ~[spring-aop-5.0.8.RELEASE.jar:5.0.8.RELEASE]
	at org.springframework.aop.framework.JdkDynamicAopProxy.invoke(JdkDynamicAopProxy.java:212) ~[spring-aop-5.0.8.RELEASE.jar:5.0.8.RELEASE]
	at com.sun.proxy.$Proxy101.findByLastName(Unknown Source) ~[na:na]
	at com.example.elasticsearch.aws.SpringbootmongoES.controller.CustomerRestController.findByLastNameES(CustomerRestController.java:75) ~[classes/:na]
	at sun.reflect.NativeMethodAccessorImpl.invoke0(Native Method) ~[na:1.8.0_112]
	at sun.reflect.NativeMethodAccessorImpl.invoke(NativeMethodAccessorImpl.java:62) ~[na:1.8.0_112]
	at sun.reflect.DelegatingMethodAccessorImpl.invoke(DelegatingMethodAccessorImpl.java:43) ~[na:1.8.0_112]
	at java.lang.reflect.Method.invoke(Method.java:498) ~[na:1.8.0_112]
	at org.springframework.web.method.support.InvocableHandlerMethod.doInvoke(InvocableHandlerMethod.java:209) ~[spring-web-5.0.8.RELEASE.jar:5.0.8.RELEASE]
	at org.springframework.web.method.support.InvocableHandlerMethod.invokeForRequest(InvocableHandlerMethod.java:136) ~[spring-web-5.0.8.RELEASE.jar:5.0.8.RELEASE]
	at org.springframework.web.servlet.mvc.method.annotation.ServletInvocableHandlerMethod.invokeAndHandle(ServletInvocableHandlerMethod.java:102) ~[spring-webmvc-5.0.8.RELEASE.jar:5.0.8.RELEASE]
	at org.springframework.web.servlet.mvc.method.annotation.RequestMappingHandlerAdapter.invokeHandlerMethod(RequestMappingHandlerAdapter.java:877) ~[spring-webmvc-5.0.8.RELEASE.jar:5.0.8.RELEASE]
	at org.springframework.web.servlet.mvc.method.annotation.RequestMappingHandlerAdapter.handleInternal(RequestMappingHandlerAdapter.java:783) ~[spring-webmvc-5.0.8.RELEASE.jar:5.0.8.RELEASE]
	at org.springframework.web.servlet.mvc.method.AbstractHandlerMethodAdapter.handle(AbstractHandlerMethodAdapter.java:87) ~[spring-webmvc-5.0.8.RELEASE.jar:5.0.8.RELEASE]
	at org.springframework.web.servlet.DispatcherServlet.doDispatch(DispatcherServlet.java:991) ~[spring-webmvc-5.0.8.RELEASE.jar:5.0.8.RELEASE]
	at org.springframework.web.servlet.DispatcherServlet.doService(DispatcherServlet.java:925) ~[spring-webmvc-5.0.8.RELEASE.jar:5.0.8.RELEASE]
	at org.springframework.web.servlet.FrameworkServlet.processRequest(FrameworkServlet.java:974) ~[spring-webmvc-5.0.8.RELEASE.jar:5.0.8.RELEASE]
	at org.springframework.web.servlet.FrameworkServlet.doGet(FrameworkServlet.java:866) ~[spring-webmvc-5.0.8.RELEASE.jar:5.0.8.RELEASE]
	at javax.servlet.http.HttpServlet.service(HttpServlet.java:635) ~[tomcat-embed-core-8.5.32.jar:8.5.32]
	at org.springframework.web.servlet.FrameworkServlet.service(FrameworkServlet.java:851) ~[spring-webmvc-5.0.8.RELEASE.jar:5.0.8.RELEASE]
	at javax.servlet.http.HttpServlet.service(HttpServlet.java:742) ~[tomcat-embed-core-8.5.32.jar:8.5.32]
	at org.apache.catalina.core.ApplicationFilterChain.internalDoFilter(ApplicationFilterChain.java:231) ~[tomcat-embed-core-8.5.32.jar:8.5.32]
	at org.apache.catalina.core.ApplicationFilterChain.doFilter(ApplicationFilterChain.java:166) ~[tomcat-embed-core-8.5.32.jar:8.5.32]
	at org.apache.tomcat.websocket.server.WsFilter.doFilter(WsFilter.java:52) ~[tomcat-embed-websocket-8.5.32.jar:8.5.32]
	at org.apache.catalina.core.ApplicationFilterChain.internalDoFilter(ApplicationFilterChain.java:193) ~[tomcat-embed-core-8.5.32.jar:8.5.32]
	at org.apache.catalina.core.ApplicationFilterChain.doFilter(ApplicationFilterChain.java:166) ~[tomcat-embed-core-8.5.32.jar:8.5.32]
	at org.springframework.boot.actuate.web.trace.servlet.HttpTraceFilter.doFilterInternal(HttpTraceFilter.java:90) ~[spring-boot-actuator-2.0.4.RELEASE.jar:2.0.4.RELEASE]
	at org.springframework.web.filter.OncePerRequestFilter.doFilter(OncePerRequestFilter.java:107) ~[spring-web-5.0.8.RELEASE.jar:5.0.8.RELEASE]
	at org.apache.catalina.core.ApplicationFilterChain.internalDoFilter(ApplicationFilterChain.java:193) ~[tomcat-embed-core-8.5.32.jar:8.5.32]
	at org.apache.catalina.core.ApplicationFilterChain.doFilter(ApplicationFilterChain.java:166) ~[tomcat-embed-core-8.5.32.jar:8.5.32]
	at org.springframework.web.filter.RequestContextFilter.doFilterInternal(RequestContextFilter.java:99) ~[spring-web-5.0.8.RELEASE.jar:5.0.8.RELEASE]
	at org.springframework.web.filter.OncePerRequestFilter.doFilter(OncePerRequestFilter.java:107) ~[spring-web-5.0.8.RELEASE.jar:5.0.8.RELEASE]
	at org.apache.catalina.core.ApplicationFilterChain.internalDoFilter(ApplicationFilterChain.java:193) ~[tomcat-embed-core-8.5.32.jar:8.5.32]
	at org.apache.catalina.core.ApplicationFilterChain.doFilter(ApplicationFilterChain.java:166) ~[tomcat-embed-core-8.5.32.jar:8.5.32]
	at org.springframework.web.filter.HttpPutFormContentFilter.doFilterInternal(HttpPutFormContentFilter.java:109) ~[spring-web-5.0.8.RELEASE.jar:5.0.8.RELEASE]
	at org.springframework.web.filter.OncePerRequestFilter.doFilter(OncePerRequestFilter.java:107) ~[spring-web-5.0.8.RELEASE.jar:5.0.8.RELEASE]
	at org.apache.catalina.core.ApplicationFilterChain.internalDoFilter(ApplicationFilterChain.java:193) ~[tomcat-embed-core-8.5.32.jar:8.5.32]
	at org.apache.catalina.core.ApplicationFilterChain.doFilter(ApplicationFilterChain.java:166) ~[tomcat-embed-core-8.5.32.jar:8.5.32]
	at org.springframework.web.filter.HiddenHttpMethodFilter.doFilterInternal(HiddenHttpMethodFilter.java:93) ~[spring-web-5.0.8.RELEASE.jar:5.0.8.RELEASE]
	at org.springframework.web.filter.OncePerRequestFilter.doFilter(OncePerRequestFilter.java:107) ~[spring-web-5.0.8.RELEASE.jar:5.0.8.RELEASE]
	at org.apache.catalina.core.ApplicationFilterChain.internalDoFilter(ApplicationFilterChain.java:193) ~[tomcat-embed-core-8.5.32.jar:8.5.32]
	at org.apache.catalina.core.ApplicationFilterChain.doFilter(ApplicationFilterChain.java:166) ~[tomcat-embed-core-8.5.32.jar:8.5.32]
	at org.springframework.boot.actuate.metrics.web.servlet.WebMvcMetricsFilter.filterAndRecordMetrics(WebMvcMetricsFilter.java:155) ~[spring-boot-actuator-2.0.4.RELEASE.jar:2.0.4.RELEASE]
	at org.springframework.boot.actuate.metrics.web.servlet.WebMvcMetricsFilter.filterAndRecordMetrics(WebMvcMetricsFilter.java:123) ~[spring-boot-actuator-2.0.4.RELEASE.jar:2.0.4.RELEASE]
	at org.springframework.boot.actuate.metrics.web.servlet.WebMvcMetricsFilter.doFilterInternal(WebMvcMetricsFilter.java:108) ~[spring-boot-actuator-2.0.4.RELEASE.jar:2.0.4.RELEASE]
	at org.springframework.web.filter.OncePerRequestFilter.doFilter(OncePerRequestFilter.java:107) ~[spring-web-5.0.8.RELEASE.jar:5.0.8.RELEASE]
	at org.apache.catalina.core.ApplicationFilterChain.internalDoFilter(ApplicationFilterChain.java:193) ~[tomcat-embed-core-8.5.32.jar:8.5.32]
	at org.apache.catalina.core.ApplicationFilterChain.doFilter(ApplicationFilterChain.java:166) ~[tomcat-embed-core-8.5.32.jar:8.5.32]
	at org.springframework.web.filter.CharacterEncodingFilter.doFilterInternal(CharacterEncodingFilter.java:200) ~[spring-web-5.0.8.RELEASE.jar:5.0.8.RELEASE]
	at org.springframework.web.filter.OncePerRequestFilter.doFilter(OncePerRequestFilter.java:107) ~[spring-web-5.0.8.RELEASE.jar:5.0.8.RELEASE]
	at org.apache.catalina.core.ApplicationFilterChain.internalDoFilter(ApplicationFilterChain.java:193) ~[tomcat-embed-core-8.5.32.jar:8.5.32]
	at org.apache.catalina.core.ApplicationFilterChain.doFilter(ApplicationFilterChain.java:166) ~[tomcat-embed-core-8.5.32.jar:8.5.32]
	at org.apache.catalina.core.StandardWrapperValve.invoke(StandardWrapperValve.java:198) ~[tomcat-embed-core-8.5.32.jar:8.5.32]
	at org.apache.catalina.core.StandardContextValve.invoke(StandardContextValve.java:96) [tomcat-embed-core-8.5.32.jar:8.5.32]
	at org.apache.catalina.authenticator.AuthenticatorBase.invoke(AuthenticatorBase.java:493) [tomcat-embed-core-8.5.32.jar:8.5.32]
	at org.apache.catalina.core.StandardHostValve.invoke(StandardHostValve.java:140) [tomcat-embed-core-8.5.32.jar:8.5.32]
	at org.apache.catalina.valves.ErrorReportValve.invoke(ErrorReportValve.java:81) [tomcat-embed-core-8.5.32.jar:8.5.32]
	at org.apache.catalina.core.StandardEngineValve.invoke(StandardEngineValve.java:87) [tomcat-embed-core-8.5.32.jar:8.5.32]
	at org.apache.catalina.connector.CoyoteAdapter.service(CoyoteAdapter.java:342) [tomcat-embed-core-8.5.32.jar:8.5.32]
	at org.apache.coyote.http11.Http11Processor.service(Http11Processor.java:800) [tomcat-embed-core-8.5.32.jar:8.5.32]
	at org.apache.coyote.AbstractProcessorLight.process(AbstractProcessorLight.java:66) [tomcat-embed-core-8.5.32.jar:8.5.32]
	at org.apache.coyote.AbstractProtocol$ConnectionHandler.process(AbstractProtocol.java:800) [tomcat-embed-core-8.5.32.jar:8.5.32]
	at org.apache.tomcat.util.net.NioEndpoint$SocketProcessor.doRun(NioEndpoint.java:1471) [tomcat-embed-core-8.5.32.jar:8.5.32]
	at org.apache.tomcat.util.net.SocketProcessorBase.run(SocketProcessorBase.java:49) [tomcat-embed-core-8.5.32.jar:8.5.32]
	at java.util.concurrent.ThreadPoolExecutor.runWorker(ThreadPoolExecutor.java:1142) [na:1.8.0_112]
	at java.util.concurrent.ThreadPoolExecutor$Worker.run(ThreadPoolExecutor.java:617) [na:1.8.0_112]
	at org.apache.tomcat.util.threads.TaskThread$WrappingRunnable.run(TaskThread.java:61) [tomcat-embed-core-8.5.32.jar:8.5.32]
	at java.lang.Thread.run(Thread.java:745) [na:1.8.0_112]

2018-08-07 11:02:55.140  INFO 16984 --- [http-nio-8000-exec-5] c.e.e.a.S.c.CustomerRestController       : Fetching customers from database [com.example.elasticsearch.aws.SpringbootmongoES.model.Customer@4e67daeb, com.example.elasticsearch.aws.SpringbootmongoES.model.Customer@6e3b2db7]
2018-08-07 12:51:53.066  INFO 16984 --- [http-nio-8000-exec-10] c.e.e.a.S.c.CustomerRestController       : Fetching customers from database [com.example.elasticsearch.aws.SpringbootmongoES.model.Customer@12b5c3dd, com.example.elasticsearch.aws.SpringbootmongoES.model.Customer@24d2a708]
2018-08-07 12:55:47.461  INFO 16984 --- [http-nio-8000-exec-8] c.e.e.a.S.c.CustomerRestController       : Fetching customers from database [com.example.elasticsearch.aws.SpringbootmongoES.model.Customer@24f0b890, com.example.elasticsearch.aws.SpringbootmongoES.model.Customer@2a37427e]
2018-08-07 12:55:49.790  INFO 16984 --- [http-nio-8000-exec-7] c.e.e.a.S.c.CustomerRestController       : Fetching customers from database [com.example.elasticsearch.aws.SpringbootmongoES.model.Customer@272b5a3f, com.example.elasticsearch.aws.SpringbootmongoES.model.Customer@3887b0e3]
2018-08-07 12:55:50.893  INFO 16984 --- [http-nio-8000-exec-1] c.e.e.a.S.c.CustomerRestController       : Fetching customers from database [com.example.elasticsearch.aws.SpringbootmongoES.model.Customer@31bdaa8f, com.example.elasticsearch.aws.SpringbootmongoES.model.Customer@448c57be]
2018-08-07 12:55:51.811  INFO 16984 --- [http-nio-8000-exec-2] c.e.e.a.S.c.CustomerRestController       : Fetching customers from database [com.example.elasticsearch.aws.SpringbootmongoES.model.Customer@4413651b, com.example.elasticsearch.aws.SpringbootmongoES.model.Customer@33ced4c]
2018-08-07 12:55:52.395  INFO 16984 --- [http-nio-8000-exec-3] c.e.e.a.S.c.CustomerRestController       : Fetching customers from database [com.example.elasticsearch.aws.SpringbootmongoES.model.Customer@50aae048, com.example.elasticsearch.aws.SpringbootmongoES.model.Customer@52634d07]
2018-08-07 12:56:00.145  INFO 16984 --- [http-nio-8000-exec-5] c.e.e.a.S.c.CustomerRestController       : Fetching customers from database [com.example.elasticsearch.aws.SpringbootmongoES.model.Customer@69bf04fa, com.example.elasticsearch.aws.SpringbootmongoES.model.Customer@69b43888]
2018-08-07 12:56:01.122  INFO 16984 --- [http-nio-8000-exec-6] c.e.e.a.S.c.CustomerRestController       : Fetching customers from database [com.example.elasticsearch.aws.SpringbootmongoES.model.Customer@acaaf15, com.example.elasticsearch.aws.SpringbootmongoES.model.Customer@40d503c]
2018-08-07 12:56:01.914  INFO 16984 --- [http-nio-8000-exec-10] c.e.e.a.S.c.CustomerRestController       : Fetching customers from database [com.example.elasticsearch.aws.SpringbootmongoES.model.Customer@150822f7, com.example.elasticsearch.aws.SpringbootmongoES.model.Customer@77be10ab]
2018-08-07 13:07:03.008  INFO 16984 --- [http-nio-8000-exec-8] c.e.e.a.S.c.CustomerRestController       : Fetching customers from database [com.example.elasticsearch.aws.SpringbootmongoES.model.Customer@2e08d3e0, com.example.elasticsearch.aws.SpringbootmongoES.model.Customer@6b0a4845]
2018-08-07 13:07:03.783  INFO 16984 --- [http-nio-8000-exec-7] c.e.e.a.S.c.CustomerRestController       : Fetching customers from database [com.example.elasticsearch.aws.SpringbootmongoES.model.Customer@44b1d0e6, com.example.elasticsearch.aws.SpringbootmongoES.model.Customer@5a247ad1]
2018-08-07 13:07:04.396  INFO 16984 --- [http-nio-8000-exec-1] c.e.e.a.S.c.CustomerRestController       : Fetching customers from database [com.example.elasticsearch.aws.SpringbootmongoES.model.Customer@3e04867f, com.example.elasticsearch.aws.SpringbootmongoES.model.Customer@5ecfa326]
2018-08-07 13:07:04.854  INFO 16984 --- [http-nio-8000-exec-2] c.e.e.a.S.c.CustomerRestController       : Fetching customers from database [com.example.elasticsearch.aws.SpringbootmongoES.model.Customer@759dc564, com.example.elasticsearch.aws.SpringbootmongoES.model.Customer@7b581399]
2018-08-07 13:07:05.607  INFO 16984 --- [http-nio-8000-exec-3] c.e.e.a.S.c.CustomerRestController       : Fetching customers from database [com.example.elasticsearch.aws.SpringbootmongoES.model.Customer@106ed1ef, com.example.elasticsearch.aws.SpringbootmongoES.model.Customer@58b47afe]
2018-08-07 13:12:48.991  INFO 16984 --- [http-nio-8000-exec-5] c.e.e.a.S.c.CustomerRestController       : Fetching customers from database [com.example.elasticsearch.aws.SpringbootmongoES.model.Customer@2e15d7cb, com.example.elasticsearch.aws.SpringbootmongoES.model.Customer@3f9c9e27]
2018-08-07 13:12:49.710  INFO 16984 --- [http-nio-8000-exec-6] c.e.e.a.S.c.CustomerRestController       : Fetching customers from database [com.example.elasticsearch.aws.SpringbootmongoES.model.Customer@32c465, com.example.elasticsearch.aws.SpringbootmongoES.model.Customer@45305a07]
2018-08-07 13:12:50.438  INFO 16984 --- [http-nio-8000-exec-10] c.e.e.a.S.c.CustomerRestController       : Fetching customers from database [com.example.elasticsearch.aws.SpringbootmongoES.model.Customer@4b298eaa, com.example.elasticsearch.aws.SpringbootmongoES.model.Customer@7af29a20]
2018-08-07 14:39:34.497  INFO 16984 --- [http-nio-8000-exec-8] c.e.e.a.S.c.CustomerRestController       : Fetching customers from database [com.example.elasticsearch.aws.SpringbootmongoES.model.Customer@4a9f598c, com.example.elasticsearch.aws.SpringbootmongoES.model.Customer@5aabc613]
2018-08-07 14:39:45.550  INFO 16984 --- [http-nio-8000-exec-1] c.e.e.a.S.c.CustomerRestController       : Fetching customers from database [com.example.elasticsearch.aws.SpringbootmongoES.model.Customer@27a93a2, com.example.elasticsearch.aws.SpringbootmongoES.model.Customer@24ed05f4]
2018-08-07 14:41:24.118  INFO 16984 --- [http-nio-8000-exec-3] c.e.e.a.S.c.CustomerRestController       : Fetching customers from database [com.example.elasticsearch.aws.SpringbootmongoES.model.Customer@5f9b6900, com.example.elasticsearch.aws.SpringbootmongoES.model.Customer@17d81c81]
2018-08-07 14:41:24.846  INFO 16984 --- [http-nio-8000-exec-5] c.e.e.a.S.c.CustomerRestController       : Fetching customers from database [com.example.elasticsearch.aws.SpringbootmongoES.model.Customer@77249124, com.example.elasticsearch.aws.SpringbootmongoES.model.Customer@4ed7faa8]
2018-08-07 14:41:25.509  INFO 16984 --- [http-nio-8000-exec-6] c.e.e.a.S.c.CustomerRestController       : Fetching customers from database [com.example.elasticsearch.aws.SpringbootmongoES.model.Customer@1addf7b3, com.example.elasticsearch.aws.SpringbootmongoES.model.Customer@74bfd864]
2018-08-07 14:41:26.170  INFO 16984 --- [http-nio-8000-exec-10] c.e.e.a.S.c.CustomerRestController       : Fetching customers from database [com.example.elasticsearch.aws.SpringbootmongoES.model.Customer@2eb90013, com.example.elasticsearch.aws.SpringbootmongoES.model.Customer@29856627]
2018-08-07 14:44:57.874  INFO 16984 --- [RMI TCP Connection(2)-10.104.7.83] inMXBeanRegistrar$SpringApplicationAdmin : Application shutdown requested.
2018-08-07 14:44:57.881  INFO 16984 --- [RMI TCP Connection(2)-10.104.7.83] ConfigServletWebServerApplicationContext : Closing org.springframework.boot.web.servlet.context.AnnotationConfigServletWebServerApplicationContext@2d35f337: startup date [Tue Aug 07 10:45:18 IST 2018]; root of context hierarchy
2018-08-07 14:44:58.057  INFO 16984 --- [RMI TCP Connection(2)-10.104.7.83] o.s.j.e.a.AnnotationMBeanExporter        : Unregistering JMX-exposed beans on shutdown
2018-08-07 14:44:58.147  INFO 16984 --- [RMI TCP Connection(2)-10.104.7.83] org.mongodb.driver.connection            : Closed connection [connectionId{localValue:2, serverValue:2}] to 54.152.114.46:27017 because the pool has been closed.
2018-08-07 14:46:28.391  INFO 14476 --- [restartedMain] c.e.e.a.S.SpringBootMongoEsApplication   : Starting SpringBootMongoEsApplication on USHYDARITNAG2 with PID 14476 (C:\Users\aritnag\Downloads\Spring-boot-mongo-ES\Spring-boot-mongo-ES\target\classes started by aritnag in C:\Users\aritnag\Downloads\Spring-boot-mongo-ES\Spring-boot-mongo-ES)
2018-08-07 14:46:28.395  INFO 14476 --- [restartedMain] c.e.e.a.S.SpringBootMongoEsApplication   : No active profile set, falling back to default profiles: default
2018-08-07 14:46:28.620  INFO 14476 --- [restartedMain] ConfigServletWebServerApplicationContext : Refreshing org.springframework.boot.web.servlet.context.AnnotationConfigServletWebServerApplicationContext@1ec632af: startup date [Tue Aug 07 14:46:28 IST 2018]; root of context hierarchy
2018-08-07 14:46:33.534  INFO 14476 --- [restartedMain] .s.d.r.c.RepositoryConfigurationDelegate : Multiple Spring Data modules found, entering strict repository configuration mode!
2018-08-07 14:46:33.618  INFO 14476 --- [restartedMain] .RepositoryConfigurationExtensionSupport : Spring Data MongoDB - Could not safely identify store assignment for repository candidate interface com.example.elasticsearch.aws.SpringbootmongoES.repository.CustomerESRepository.
2018-08-07 14:46:34.663  INFO 14476 --- [restartedMain] .s.d.r.c.RepositoryConfigurationDelegate : Multiple Spring Data modules found, entering strict repository configuration mode!
2018-08-07 14:46:34.679  INFO 14476 --- [restartedMain] .RepositoryConfigurationExtensionSupport : Spring Data Elasticsearch - Could not safely identify store assignment for repository candidate interface com.example.elasticsearch.aws.SpringbootmongoES.repository.CustomerRepository.
2018-08-07 14:46:35.857  INFO 14476 --- [restartedMain] trationDelegate$BeanPostProcessorChecker : Bean '(inner bean)#5f51e7f' of type [com.amazonaws.auth.EC2ContainerCredentialsProviderWrapper] is not eligible for getting processed by all BeanPostProcessors (for example: not eligible for auto-proxying)
2018-08-07 14:46:35.884  INFO 14476 --- [restartedMain] trationDelegate$BeanPostProcessorChecker : Bean '(inner bean)#31063606' of type [com.amazonaws.auth.profile.ProfileCredentialsProvider] is not eligible for getting processed by all BeanPostProcessors (for example: not eligible for auto-proxying)
2018-08-07 14:46:35.916  INFO 14476 --- [restartedMain] trationDelegate$BeanPostProcessorChecker : Bean 'credentialsProvider' of type [org.springframework.cloud.aws.core.credentials.CredentialsProviderFactoryBean] is not eligible for getting processed by all BeanPostProcessors (for example: not eligible for auto-proxying)
2018-08-07 14:46:35.917  INFO 14476 --- [restartedMain] trationDelegate$BeanPostProcessorChecker : Bean 'credentialsProvider' of type [com.amazonaws.auth.AWSCredentialsProviderChain] is not eligible for getting processed by all BeanPostProcessors (for example: not eligible for auto-proxying)
2018-08-07 14:46:38.080  INFO 14476 --- [restartedMain] o.s.b.w.embedded.tomcat.TomcatWebServer  : Tomcat initialized with port(s): 8000 (http)
2018-08-07 14:46:38.149  INFO 14476 --- [restartedMain] o.apache.catalina.core.StandardService   : Starting service [Tomcat]
2018-08-07 14:46:38.150  INFO 14476 --- [restartedMain] org.apache.catalina.core.StandardEngine  : Starting Servlet Engine: Apache Tomcat/8.5.32
2018-08-07 14:46:38.184  INFO 14476 --- [localhost-startStop-1] o.a.catalina.core.AprLifecycleListener   : The APR based Apache Tomcat Native library which allows optimal performance in production environments was not found on the java.library.path: [C:\Program Files\Java\jdk1.8.0_112\bin;C:\WINDOWS\Sun\Java\bin;C:\WINDOWS\system32;C:\WINDOWS;C:\Program Files\Java\jdk1.8.0_112\jre\bin;C:/Program Files/Java/jdk1.8.0_112/bin/../jre/bin/server;C:/Program Files/Java/jdk1.8.0_112/bin/../jre/bin;C:/Program Files/Java/jdk1.8.0_112/bin/../jre/lib/amd64;C:\WINDOWS\system32;C:\WINDOWS;C:\WINDOWS\System32\Wbem;C:\Program Files\Docker\Docker\Resources\bin;C:\WINDOWS\system32;C:\WINDOWS;C:\WINDOWS\System32\Wbem;C:\Program Files (x86)\RSA SecurID Token Common;C:\Program Files\RSA SecurID Token Common;C:\Program Files\Java\jdk1.8.0_112\bin;C:\Program Files (x86)\Intel\iCLS Client\;C:\Program Files\Intel\iCLS Client\;C:\WINDOWS\system32;C:\WINDOWS;C:\WINDOWS\System32\Wbem;C:\WINDOWS\System32\WindowsPowerShell\v1.0\;C:\Program Files (x86)\Intel\Intel(R) Management Engine Components\DAL;C:\Program Files\Intel\Intel(R) Management Engine Components\DAL;C:\Program Files (x86)\Intel\Intel(R) Management Engine Components\IPT;C:\Program Files\Intel\Intel(R) Management Engine Components\IPT;C:\Users\aritnag\AppData\Local\Microsoft\WindowsApps;C:\Program Files\Perforce;C:\Program Files\Perforce\DVCS\;;C:\Program Files\Microsoft VS Code\bin;C:\Program Files\RSA SecurID Token Common\;C:\Users\aritnag\AppData\Local\GitHubDesktop\bin;C:\Users\aritnag\Downloads\apache-maven-3.5.4-bin\apache-maven-3.5.4\\bin;C:\Users\aritnag\AppData\Lo;C:\ProgramData\chocolatey\bin;C:\Program Files\nodejs\;C:\Program Files\RSA SecurID Token Common\;C:\Users\aritnag\AppData\Local\GitHubDesktop\bin;C:\Users\aritnag\Downloads\apache-maven-3.5.4-bin\apache-maven-3.5.4\\bin;C:\Program Files\Java\jdk1.8.0_112\bin;;C:\Users\aritnag\AppData\Local\Programs\Fiddler;C:\Users\aritnag\AppData\Roaming\npm;C:\Users\aritnag\Desktop\Softwares\bundle\spring-tool-suite-3.8.2.RELEASE-e4.6.1-win32-x86_64\sts-bundle\sts-3.8.2.RELEASE;;.]
2018-08-07 14:46:39.058  INFO 14476 --- [localhost-startStop-1] o.a.c.c.C.[Tomcat].[localhost].[/]       : Initializing Spring embedded WebApplicationContext
2018-08-07 14:46:39.059  INFO 14476 --- [localhost-startStop-1] o.s.web.context.ContextLoader            : Root WebApplicationContext: initialization completed in 10439 ms
2018-08-07 14:46:43.515  INFO 14476 --- [localhost-startStop-1] org.mongodb.driver.cluster               : Cluster created with settings {hosts=[54.152.114.46:27017], mode=SINGLE, requiredClusterType=UNKNOWN, serverSelectionTimeout='30000 ms', maxWaitQueueSize=500}
2018-08-07 14:46:44.769  INFO 14476 --- [cluster-ClusterId{value='5b69637b920ba8388cfbfbf4', description='null'}-54.152.114.46:27017] org.mongodb.driver.connection            : Opened connection [connectionId{localValue:1, serverValue:3}] to 54.152.114.46:27017
2018-08-07 14:46:45.042  INFO 14476 --- [cluster-ClusterId{value='5b69637b920ba8388cfbfbf4', description='null'}-54.152.114.46:27017] org.mongodb.driver.cluster               : Monitor thread successfully connected to server with description ServerDescription{address=54.152.114.46:27017, type=STANDALONE, state=CONNECTED, ok=true, version=ServerVersion{versionList=[3, 2, 4]}, minWireVersion=0, maxWireVersion=4, maxDocumentSize=16777216, logicalSessionTimeoutMinutes=null, roundTripTimeNanos=269021233}
2018-08-07 14:46:45.192  INFO 14476 --- [localhost-startStop-1] io.searchbox.client.AbstractJestClient   : Setting server pool to a list of 1 servers: [https://search-microservice-cluster-zzfctkiahe5vfwhcv2sopp4dau.us-east-1.es.amazonaws.com/]
2018-08-07 14:46:45.196  INFO 14476 --- [localhost-startStop-1] io.searchbox.client.JestClientFactory    : Using multi thread/connection supporting pooling connection manager
2018-08-07 14:46:45.576  INFO 14476 --- [localhost-startStop-1] io.searchbox.client.JestClientFactory    : Using default GSON instance
2018-08-07 14:46:45.576  INFO 14476 --- [localhost-startStop-1] io.searchbox.client.JestClientFactory    : Node Discovery disabled...
2018-08-07 14:46:45.577  INFO 14476 --- [localhost-startStop-1] io.searchbox.client.JestClientFactory    : Idle connection reaping disabled...
2018-08-07 14:46:47.235  INFO 14476 --- [localhost-startStop-1] o.s.b.w.servlet.FilterRegistrationBean   : Mapping filter: 'characterEncodingFilter' to: [/*]
2018-08-07 14:46:47.236  INFO 14476 --- [localhost-startStop-1] o.s.b.w.servlet.FilterRegistrationBean   : Mapping filter: 'webMvcMetricsFilter' to: [/*]
2018-08-07 14:46:47.237  INFO 14476 --- [localhost-startStop-1] o.s.b.w.servlet.FilterRegistrationBean   : Mapping filter: 'hiddenHttpMethodFilter' to: [/*]
2018-08-07 14:46:47.238  INFO 14476 --- [localhost-startStop-1] o.s.b.w.servlet.FilterRegistrationBean   : Mapping filter: 'httpPutFormContentFilter' to: [/*]
2018-08-07 14:46:47.238  INFO 14476 --- [localhost-startStop-1] o.s.b.w.servlet.FilterRegistrationBean   : Mapping filter: 'requestContextFilter' to: [/*]
2018-08-07 14:46:47.238  INFO 14476 --- [localhost-startStop-1] o.s.b.w.servlet.FilterRegistrationBean   : Mapping filter: 'httpTraceFilter' to: [/*]
2018-08-07 14:46:47.239  INFO 14476 --- [localhost-startStop-1] o.s.b.w.servlet.ServletRegistrationBean  : Servlet dispatcherServlet mapped to [/]
2018-08-07 14:46:51.524  INFO 14476 --- [restartedMain] o.s.w.s.handler.SimpleUrlHandlerMapping  : Mapped URL path [/**/favicon.ico] onto handler of type [class org.springframework.web.servlet.resource.ResourceHttpRequestHandler]
2018-08-07 14:46:52.211  INFO 14476 --- [restartedMain] s.w.s.m.m.a.RequestMappingHandlerAdapter : Looking for @ControllerAdvice: org.springframework.boot.web.servlet.context.AnnotationConfigServletWebServerApplicationContext@1ec632af: startup date [Tue Aug 07 14:46:28 IST 2018]; root of context hierarchy
2018-08-07 14:46:52.577  INFO 14476 --- [restartedMain] s.w.s.m.m.a.RequestMappingHandlerMapping : Mapped "{[/es/customer/],methods=[POST]}" onto public void com.example.elasticsearch.aws.SpringbootmongoES.controller.CustomerRestController.save(com.example.elasticsearch.aws.SpringbootmongoES.model.CustomerES)
2018-08-07 14:46:52.579  INFO 14476 --- [restartedMain] s.w.s.m.m.a.RequestMappingHandlerMapping : Mapped "{[/customer/],methods=[POST]}" onto public void com.example.elasticsearch.aws.SpringbootmongoES.controller.CustomerRestController.save(com.example.elasticsearch.aws.SpringbootmongoES.model.Customer)
2018-08-07 14:46:52.581  INFO 14476 --- [restartedMain] s.w.s.m.m.a.RequestMappingHandlerMapping : Mapped "{[/es/customer/first/{firstName}]}" onto public com.example.elasticsearch.aws.SpringbootmongoES.model.CustomerES com.example.elasticsearch.aws.SpringbootmongoES.controller.CustomerRestController.findByFirstNameES(java.lang.String)
2018-08-07 14:46:52.582  INFO 14476 --- [restartedMain] s.w.s.m.m.a.RequestMappingHandlerMapping : Mapped "{[/customer/]}" onto public java.util.List<com.example.elasticsearch.aws.SpringbootmongoES.model.Customer> com.example.elasticsearch.aws.SpringbootmongoES.controller.CustomerRestController.findAll()
2018-08-07 14:46:52.583  INFO 14476 --- [restartedMain] s.w.s.m.m.a.RequestMappingHandlerMapping : Mapped "{[/customer/cn/{country}]}" onto public java.util.List<com.example.elasticsearch.aws.SpringbootmongoES.model.Customer> com.example.elasticsearch.aws.SpringbootmongoES.controller.CustomerRestController.findByCountry(java.lang.String)
2018-08-07 14:46:52.584  INFO 14476 --- [restartedMain] s.w.s.m.m.a.RequestMappingHandlerMapping : Mapped "{[/customer/first/{firstName}]}" onto public com.example.elasticsearch.aws.SpringbootmongoES.model.Customer com.example.elasticsearch.aws.SpringbootmongoES.controller.CustomerRestController.findByFirstName(java.lang.String)
2018-08-07 14:46:52.585  INFO 14476 --- [restartedMain] s.w.s.m.m.a.RequestMappingHandlerMapping : Mapped "{[/customer/last/{lastName}]}" onto public java.util.List<com.example.elasticsearch.aws.SpringbootmongoES.model.Customer> com.example.elasticsearch.aws.SpringbootmongoES.controller.CustomerRestController.findByLastName(java.lang.String)
2018-08-07 14:46:52.586  INFO 14476 --- [restartedMain] s.w.s.m.m.a.RequestMappingHandlerMapping : Mapped "{[/es/customer/cn/{country}]}" onto public java.util.List<com.example.elasticsearch.aws.SpringbootmongoES.model.CustomerES> com.example.elasticsearch.aws.SpringbootmongoES.controller.CustomerRestController.findByCountryES(java.lang.String)
2018-08-07 14:46:52.587  INFO 14476 --- [restartedMain] s.w.s.m.m.a.RequestMappingHandlerMapping : Mapped "{[/es/customer/]}" onto public java.util.List<com.example.elasticsearch.aws.SpringbootmongoES.model.CustomerES> com.example.elasticsearch.aws.SpringbootmongoES.controller.CustomerRestController.findESAll()
2018-08-07 14:46:52.588  INFO 14476 --- [restartedMain] s.w.s.m.m.a.RequestMappingHandlerMapping : Mapped "{[/es/sync/],methods=[GET]}" onto public void com.example.elasticsearch.aws.SpringbootmongoES.controller.CustomerRestController.syncMongoAndES()
2018-08-07 14:46:52.589  INFO 14476 --- [restartedMain] s.w.s.m.m.a.RequestMappingHandlerMapping : Mapped "{[/es/customer/last/{lastName}]}" onto public java.util.List<com.example.elasticsearch.aws.SpringbootmongoES.model.CustomerES> com.example.elasticsearch.aws.SpringbootmongoES.controller.CustomerRestController.findByLastNameES(java.lang.String)
2018-08-07 14:46:52.595  INFO 14476 --- [restartedMain] s.w.s.m.m.a.RequestMappingHandlerMapping : Mapped "{[/error]}" onto public org.springframework.http.ResponseEntity<java.util.Map<java.lang.String, java.lang.Object>> org.springframework.boot.autoconfigure.web.servlet.error.BasicErrorController.error(javax.servlet.http.HttpServletRequest)
2018-08-07 14:46:52.596  INFO 14476 --- [restartedMain] s.w.s.m.m.a.RequestMappingHandlerMapping : Mapped "{[/error],produces=[text/html]}" onto public org.springframework.web.servlet.ModelAndView org.springframework.boot.autoconfigure.web.servlet.error.BasicErrorController.errorHtml(javax.servlet.http.HttpServletRequest,javax.servlet.http.HttpServletResponse)
2018-08-07 14:46:52.726  INFO 14476 --- [restartedMain] o.s.w.s.handler.SimpleUrlHandlerMapping  : Mapped URL path [/webjars/**] onto handler of type [class org.springframework.web.servlet.resource.ResourceHttpRequestHandler]
2018-08-07 14:46:52.727  INFO 14476 --- [restartedMain] o.s.w.s.handler.SimpleUrlHandlerMapping  : Mapped URL path [/**] onto handler of type [class org.springframework.web.servlet.resource.ResourceHttpRequestHandler]
2018-08-07 14:46:55.633  INFO 14476 --- [restartedMain] o.s.b.d.a.OptionalLiveReloadServer       : LiveReload server is running on port 35729
2018-08-07 14:46:56.623  INFO 14476 --- [restartedMain] o.s.b.a.e.web.EndpointLinksResolver      : Exposing 2 endpoint(s) beneath base path '/actuator'
2018-08-07 14:46:56.691  INFO 14476 --- [restartedMain] s.b.a.e.w.s.WebMvcEndpointHandlerMapping : Mapped "{[/actuator/health],methods=[GET],produces=[application/vnd.spring-boot.actuator.v2+json || application/json]}" onto public java.lang.Object org.springframework.boot.actuate.endpoint.web.servlet.AbstractWebMvcEndpointHandlerMapping$OperationHandler.handle(javax.servlet.http.HttpServletRequest,java.util.Map<java.lang.String, java.lang.String>)
2018-08-07 14:46:56.694  INFO 14476 --- [restartedMain] s.b.a.e.w.s.WebMvcEndpointHandlerMapping : Mapped "{[/actuator/info],methods=[GET],produces=[application/vnd.spring-boot.actuator.v2+json || application/json]}" onto public java.lang.Object org.springframework.boot.actuate.endpoint.web.servlet.AbstractWebMvcEndpointHandlerMapping$OperationHandler.handle(javax.servlet.http.HttpServletRequest,java.util.Map<java.lang.String, java.lang.String>)
2018-08-07 14:46:56.697  INFO 14476 --- [restartedMain] s.b.a.e.w.s.WebMvcEndpointHandlerMapping : Mapped "{[/actuator],methods=[GET],produces=[application/vnd.spring-boot.actuator.v2+json || application/json]}" onto protected java.util.Map<java.lang.String, java.util.Map<java.lang.String, org.springframework.boot.actuate.endpoint.web.Link>> org.springframework.boot.actuate.endpoint.web.servlet.WebMvcEndpointHandlerMapping.links(javax.servlet.http.HttpServletRequest,javax.servlet.http.HttpServletResponse)
2018-08-07 14:46:57.072  INFO 14476 --- [restartedMain] o.s.j.e.a.AnnotationMBeanExporter        : Registering beans for JMX exposure on startup
2018-08-07 14:46:57.291  INFO 14476 --- [restartedMain] o.s.b.w.embedded.tomcat.TomcatWebServer  : Tomcat started on port(s): 8000 (http) with context path ''
2018-08-07 14:46:57.299  INFO 14476 --- [restartedMain] c.e.e.a.S.SpringBootMongoEsApplication   : Started SpringBootMongoEsApplication in 30.245 seconds (JVM running for 34.331)
2018-08-07 14:57:52.366  INFO 14476 --- [http-nio-8000-exec-2] o.a.c.c.C.[Tomcat].[localhost].[/]       : Initializing Spring FrameworkServlet 'dispatcherServlet'
2018-08-07 14:57:52.367  INFO 14476 --- [http-nio-8000-exec-2] o.s.web.servlet.DispatcherServlet        : FrameworkServlet 'dispatcherServlet': initialization started
2018-08-07 14:57:52.454  INFO 14476 --- [http-nio-8000-exec-2] o.s.web.servlet.DispatcherServlet        : FrameworkServlet 'dispatcherServlet': initialization completed in 85 ms
2018-08-07 14:57:53.914  INFO 14476 --- [http-nio-8000-exec-2] org.mongodb.driver.connection            : Opened connection [connectionId{localValue:2, serverValue:4}] to 54.152.114.46:27017
2018-08-07 14:57:54.315  INFO 14476 --- [http-nio-8000-exec-2] c.e.e.a.S.c.CustomerRestController       : Fetching customers from database [Customer [id=5b64690ff094d41ef4e01ca1, firstName=Aritra, lastName=Nag, title=Mr, location=TTTT, country=India, phonenumber=333333, middleName=ddd], Customer [id=5b667580a9144919d0206ec8, firstName=Aritra, lastName=Nag, title=Mr, location=TTTT, country=India, phonenumber=333333, middleName=ddd]]
2018-08-07 14:57:58.440  INFO 14476 --- [http-nio-8000-exec-10] c.e.e.a.S.c.CustomerRestController       : Fetching customers from database [Customer [id=5b64690ff094d41ef4e01ca1, firstName=Aritra, lastName=Nag, title=Mr, location=TTTT, country=India, phonenumber=333333, middleName=ddd], Customer [id=5b667580a9144919d0206ec8, firstName=Aritra, lastName=Nag, title=Mr, location=TTTT, country=India, phonenumber=333333, middleName=ddd]]
2018-08-07 14:57:59.581  INFO 14476 --- [http-nio-8000-exec-9] c.e.e.a.S.c.CustomerRestController       : Fetching customers from database [Customer [id=5b64690ff094d41ef4e01ca1, firstName=Aritra, lastName=Nag, title=Mr, location=TTTT, country=India, phonenumber=333333, middleName=ddd], Customer [id=5b667580a9144919d0206ec8, firstName=Aritra, lastName=Nag, title=Mr, location=TTTT, country=India, phonenumber=333333, middleName=ddd]]
2018-08-07 14:58:00.485  INFO 14476 --- [http-nio-8000-exec-8] c.e.e.a.S.c.CustomerRestController       : Fetching customers from database [Customer [id=5b64690ff094d41ef4e01ca1, firstName=Aritra, lastName=Nag, title=Mr, location=TTTT, country=India, phonenumber=333333, middleName=ddd], Customer [id=5b667580a9144919d0206ec8, firstName=Aritra, lastName=Nag, title=Mr, location=TTTT, country=India, phonenumber=333333, middleName=ddd]]
